#
# There is insufficient memory for the Java Runtime Environment to continue.
# Native memory allocation (mmap) failed to map 382730240 bytes for Failed to commit area from 0x0000000093d00000 to 0x00000000aaa00000 of length 382730240.
# Possible reasons:
#   The system is out of physical RAM or swap space
#   The process is running with CompressedOops enabled, and the Java Heap may be blocking the growth of the native heap
# Possible solutions:
#   Reduce memory load on the system
#   Increase physical memory or swap space
#   Check if swap backing store is full
#   Decrease Java heap size (-Xmx/-Xms)
#   Decrease number of Java threads
#   Decrease Java thread stack sizes (-Xss)
#   Set larger code cache with -XX:ReservedCodeCacheSize=
#   JVM is running with Unscaled Compressed Oops mode in which the Java heap is
#     placed in the first 4GB address space. The Java Heap base address is the
#     maximum limit for the native heap growth. Please use -XX:HeapBaseMinAddress
#     to set the Java Heap base and to place the Java Heap above 4GB virtual address.
# This output file may be truncated or incomplete.
#
#  Out of Memory Error (./src/hotspot/os/windows/os_windows.cpp:3301), pid=484, tid=800
#
# JRE version: OpenJDK Runtime Environment (11.0.10) (build 11.0.10+0-b96-7249189)
# Java VM: OpenJDK 64-Bit Server VM (11.0.10+0-b96-7249189, mixed mode, tiered, compressed oops, g1 gc, windows-amd64)
# No core dump will be written. Minidumps are not enabled by default on client versions of Windows
#

---------------  S U M M A R Y ------------

Command Line: --add-opens=java.base/java.util=ALL-UNNAMED --add-opens=java.base/java.lang=ALL-UNNAMED --add-opens=java.base/java.lang.invoke=ALL-UNNAMED --add-opens=java.base/java.util=ALL-UNNAMED --add-opens=java.prefs/java.util.prefs=ALL-UNNAMED --add-opens=java.prefs/java.util.prefs=ALL-UNNAMED --add-opens=java.base/java.nio.charset=ALL-UNNAMED --add-opens=java.base/java.net=ALL-UNNAMED --add-opens=java.base/java.util.concurrent.atomic=ALL-UNNAMED -Xmx2048m -Dfile.encoding=UTF-8 -Duser.country=FR -Duser.language=fr -Duser.variant org.gradle.launcher.daemon.bootstrap.GradleDaemon 7.0.2

Host: Intel(R) Celeron(R) CPU  N2940  @ 1.83GHz, 4 cores, 3G,  Windows 10 , 64 bit Build 22000 (10.0.22000.434)
Time: Sun May 29 06:04:48 2022 Paris, Madrid (heure d’été) elapsed time: 11266.279795 seconds (0d 3h 7m 46s)

---------------  T H R E A D  ---------------

Current thread (0x000001bd15274800):  VMThread "VM Thread" [stack: 0x00000012c1300000,0x00000012c1400000] [id=800]

Stack: [0x00000012c1300000,0x00000012c1400000]
[error occurred during error reporting (printing stack bounds), id 0xc0000005, EXCEPTION_ACCESS_VIOLATION (0xc0000005) at pc=0x000001bd00000f3e]

Native frames: (J=compiled Java code, j=interpreted, Vv=VM code, C=native code)
V  [jvm.dll+0x5ecfaa]
V  [jvm.dll+0x722bd5]
V  [jvm.dll+0x72412d]
V  [jvm.dll+0x724745]
V  [jvm.dll+0x7246fb]
V  [jvm.dll+0x5ec348]
V  [jvm.dll+0x5ecad8]
C  [ntdll.dll+0xa82ff]
C  [ntdll.dll+0x35a0a]
C  [ntdll.dll+0xa730e]
C  0x000001bd00000f3e

VM_Operation (0x00000012c55fe380): G1CollectForAllocation, mode: safepoint, requested by thread 0x000001bd1a106800


---------------  P R O C E S S  ---------------

Threads class SMR info:
_java_thread_list=0x000001bd1a084660, length=69, elements={
0x000001bd7b69f800, 0x000001bd15279000, 0x000001bd15284800, 0x000001bd152db800,
0x000001bd152dd000, 0x000001bd152de000, 0x000001bd152e2800, 0x000001bd152e8800,
0x000001bd152ec000, 0x000001bd15d95800, 0x000001bd17808000, 0x000001bd16603000,
0x000001bd17058000, 0x000001bd15f9c800, 0x000001bd15f9f000, 0x000001bd15fa2000,
0x000001bd15f9e000, 0x000001bd15fa3000, 0x000001bd15f9d000, 0x000001bd15fa1000,
0x000001bd1a100000, 0x000001bd1a101000, 0x000001bd1a103000, 0x000001bd1a0fe800,
0x000001bd1a10a800, 0x000001bd1a105000, 0x000001bd1cb5c800, 0x000001bd1cb67800,
0x000001bd2368b000, 0x000001bd1cb63000, 0x000001bd1cb60000, 0x000001bd1cb64000,
0x000001bd2368f000, 0x000001bd1cb5d800, 0x000001bd23691800, 0x000001bd2368d800,
0x000001bd2368c800, 0x000001bd2368a800, 0x000001bd2368c000, 0x000001bd23692800,
0x000001bd2368e800, 0x000001bd23693000, 0x000001bd23691000, 0x000001bd23694000,
0x000001bd23695000, 0x000001bd23695800, 0x000001bd23690000, 0x000001bd23696800,
0x000001bd23697800, 0x000001bd23698000, 0x000001bd1cb5e800, 0x000001bd1cb62800,
0x000001bd1cb60800, 0x000001bd1cb5f000, 0x000001bd1cb69000, 0x000001bd1cb68000,
0x000001bd1cb6a800, 0x000001bd1cb69800, 0x000001bd1cb65000, 0x000001bd1cb6b800,
0x000001bd1cb65800, 0x000001bd1cb66800, 0x000001bd1a0ff000, 0x000001bd1a108000,
0x000001bd1a106800, 0x000001bd1a107800, 0x000001bd1a102800, 0x000001bd1a10c000,
0x000001bd1a109000
}

Java Threads: ( => current thread )
  0x000001bd7b69f800 JavaThread "main" [_thread_blocked, id=9120, stack(0x00000012c0d00000,0x00000012c0e00000)]
  0x000001bd15279000 JavaThread "Reference Handler" daemon [_thread_blocked, id=5736, stack(0x00000012c1400000,0x00000012c1500000)]
  0x000001bd15284800 JavaThread "Finalizer" daemon [_thread_blocked, id=3412, stack(0x00000012c1500000,0x00000012c1600000)]
  0x000001bd152db800 JavaThread "Signal Dispatcher" daemon [_thread_blocked, id=6088, stack(0x00000012c1600000,0x00000012c1700000)]
  0x000001bd152dd000 JavaThread "Attach Listener" daemon [_thread_blocked, id=10504, stack(0x00000012c1700000,0x00000012c1800000)]
  0x000001bd152de000 JavaThread "Service Thread" daemon [_thread_blocked, id=10124, stack(0x00000012c1800000,0x00000012c1900000)]
  0x000001bd152e2800 JavaThread "C2 CompilerThread0" daemon [_thread_in_native, id=10852, stack(0x00000012c1900000,0x00000012c1a00000)]
  0x000001bd152e8800 JavaThread "C1 CompilerThread0" daemon [_thread_blocked, id=10908, stack(0x00000012c1a00000,0x00000012c1b00000)]
  0x000001bd152ec000 JavaThread "Sweeper thread" daemon [_thread_blocked, id=6712, stack(0x00000012c1b00000,0x00000012c1c00000)]
  0x000001bd15d95800 JavaThread "Common-Cleaner" daemon [_thread_blocked, id=9576, stack(0x00000012c1c00000,0x00000012c1d00000)]
  0x000001bd17808000 JavaThread "Daemon health stats" [_thread_blocked, id=9420, stack(0x00000012c1f00000,0x00000012c2000000)]
  0x000001bd16603000 JavaThread "Incoming local TCP Connector on port 55506" [_thread_in_native, id=2672, stack(0x00000012c2000000,0x00000012c2100000)]
  0x000001bd17058000 JavaThread "Daemon periodic checks" [_thread_blocked, id=9624, stack(0x00000012c2100000,0x00000012c2200000)]
  0x000001bd15f9c800 JavaThread "Cache worker for file hash cache (C:\Users\Styvy Mhvv\.gradle\caches\7.0.2\fileHashes)" [_thread_blocked, id=2712, stack(0x00000012c2b00000,0x00000012c2c00000)]
  0x000001bd15f9f000 JavaThread "File lock request listener" [_thread_in_native, id=11192, stack(0x00000012c2c00000,0x00000012c2d00000)]
  0x000001bd15fa2000 JavaThread "Cache worker for journal cache (C:\Users\Styvy Mhvv\.gradle\caches\journal-1)" [_thread_blocked, id=6024, stack(0x00000012c2d00000,0x00000012c2e00000)]
  0x000001bd15f9e000 JavaThread "File watcher server" daemon [_thread_blocked, id=11124, stack(0x00000012c2f00000,0x00000012c3000000)]
  0x000001bd15fa3000 JavaThread "File watcher consumer" daemon [_thread_blocked, id=9268, stack(0x00000012c3000000,0x00000012c3100000)]
  0x000001bd15f9d000 JavaThread "jar transforms" [_thread_blocked, id=10508, stack(0x00000012c3100000,0x00000012c3200000)]
  0x000001bd15fa1000 JavaThread "jar transforms Thread 2" [_thread_blocked, id=10352, stack(0x00000012c3200000,0x00000012c3300000)]
  0x000001bd1a100000 JavaThread "jar transforms Thread 3" [_thread_blocked, id=8904, stack(0x00000012c3300000,0x00000012c3400000)]
  0x000001bd1a101000 JavaThread "jar transforms Thread 4" [_thread_blocked, id=10072, stack(0x00000012c3400000,0x00000012c3500000)]
  0x000001bd1a103000 JavaThread "Cache worker for execution history cache (C:\Users\Styvy Mhvv\.gradle\caches\7.0.2\executionHistory)" [_thread_blocked, id=4572, stack(0x00000012c3800000,0x00000012c3900000)]
  0x000001bd1a0fe800 JavaThread "Cache worker for file content cache (C:\Users\Styvy Mhvv\.gradle\caches\7.0.2\fileContent)" [_thread_blocked, id=2132, stack(0x00000012c3900000,0x00000012c3a00000)]
  0x000001bd1a10a800 JavaThread "Memory manager" [_thread_blocked, id=6108, stack(0x00000012c4200000,0x00000012c4300000)]
  0x000001bd1a105000 JavaThread "pool-3-thread-1" [_thread_blocked, id=9492, stack(0x00000012c4300000,0x00000012c4400000)]
  0x000001bd1cb5c800 JavaThread "pool-6-thread-1" [_thread_blocked, id=3176, stack(0x00000012c3f00000,0x00000012c4000000)]
  0x000001bd1cb67800 JavaThread "Cache worker for Java compile cache (C:\Users\Styvy Mhvv\.gradle\caches\7.0.2\javaCompile)" [_thread_blocked, id=3672, stack(0x00000012c2400000,0x00000012c2500000)]
  0x000001bd2368b000 JavaThread "ForkJoinPool.commonPool-worker-3" daemon [_thread_blocked, id=10460, stack(0x00000012c5000000,0x00000012c5100000)]
  0x000001bd1cb63000 JavaThread "pool-11-thread-1" [_thread_blocked, id=12108, stack(0x00000012c4100000,0x00000012c4200000)]
  0x000001bd1cb60000 JavaThread "Daemon Thread 3" [_thread_blocked, id=12536, stack(0x00000012c0a00000,0x00000012c0b00000)]
  0x000001bd1cb64000 JavaThread "Daemon worker Thread 3" [_thread_blocked, id=10052, stack(0x00000012c2200000,0x00000012c2300000)]
  0x000001bd2368f000 JavaThread "pool-15-thread-1" [_thread_blocked, id=10404, stack(0x00000012c4000000,0x00000012c4100000)]
  0x000001bd1cb5d800 JavaThread "pool-19-thread-1" [_thread_blocked, id=15076, stack(0x00000012c4500000,0x00000012c4600000)]
  0x000001bd23691800 JavaThread "pool-23-thread-1" [_thread_blocked, id=10092, stack(0x00000012c4600000,0x00000012c4700000)]
  0x000001bd2368d800 JavaThread "Handler for socket connection from /127.0.0.1:55506 to /127.0.0.1:52809" [_thread_in_native, id=13972, stack(0x00000012c0b00000,0x00000012c0c00000)]
  0x000001bd2368c800 JavaThread "Cancel handler" [_thread_blocked, id=13824, stack(0x00000012c0c00000,0x00000012c0d00000)]
  0x000001bd2368a800 JavaThread "Asynchronous log dispatcher for DefaultDaemonConnection: socket connection from /127.0.0.1:55506 to /127.0.0.1:52809" [_thread_blocked, id=14296, stack(0x00000012c2300000,0x00000012c2400000)]
  0x000001bd2368c000 JavaThread "Stdin handler" [_thread_blocked, id=13628, stack(0x00000012c2500000,0x00000012c2600000)]
  0x000001bd23692800 JavaThread "Daemon client event forwarder" [_thread_blocked, id=9948, stack(0x00000012c2600000,0x00000012c2700000)]
  0x000001bd2368e800 JavaThread "Cache worker for file hash cache (C:\Users\Styvy Mhvv\AndroidStudioProjects\Calculatrice\.gradle\7.0.2\fileHashes)" [_thread_blocked, id=12872, stack(0x00000012c2700000,0x00000012c2800000)]
  0x000001bd23693000 JavaThread "Cache worker for checksums cache (C:\Users\Styvy Mhvv\AndroidStudioProjects\Calculatrice\.gradle\checksums)" [_thread_blocked, id=14072, stack(0x00000012c2800000,0x00000012c2900000)]
  0x000001bd23691000 JavaThread "Cache worker for cache directory md-supplier (C:\Users\Styvy Mhvv\.gradle\caches\7.0.2\md-supplier)" [_thread_blocked, id=13996, stack(0x00000012c2e00000,0x00000012c2f00000)]
  0x000001bd23694000 JavaThread "Cache worker for cache directory md-rule (C:\Users\Styvy Mhvv\.gradle\caches\7.0.2\md-rule)" [_thread_blocked, id=4316, stack(0x00000012c3500000,0x00000012c3600000)]
  0x000001bd23695000 JavaThread "Cache worker for dependencies-accessors (C:\Users\Styvy Mhvv\AndroidStudioProjects\Calculatrice\.gradle\7.0.2\dependencies-accessors)" [_thread_blocked, id=11692, stack(0x00000012c3600000,0x00000012c3700000)]
  0x000001bd23695800 JavaThread "Cache worker for Build Output Cleanup Cache (C:\Users\Styvy Mhvv\AndroidStudioProjects\Calculatrice\.gradle\buildOutputCleanup)" [_thread_blocked, id=13696, stack(0x00000012c3700000,0x00000012c3800000)]
  0x000001bd23690000 JavaThread "Build operations" [_thread_blocked, id=14060, stack(0x00000012c3a00000,0x00000012c3b00000)]
  0x000001bd23696800 JavaThread "Build operations Thread 2" [_thread_blocked, id=6824, stack(0x00000012c3b00000,0x00000012c3c00000)]
  0x000001bd23697800 JavaThread "Build operations Thread 3" [_thread_blocked, id=8532, stack(0x00000012c3c00000,0x00000012c3d00000)]
  0x000001bd23698000 JavaThread "Build operations Thread 4" [_thread_blocked, id=10312, stack(0x00000012c3d00000,0x00000012c3e00000)]
  0x000001bd1cb5e800 JavaThread "build event listener" [_thread_blocked, id=15204, stack(0x00000012c3e00000,0x00000012c3f00000)]
  0x000001bd1cb62800 JavaThread "pool-27-thread-1" [_thread_blocked, id=15192, stack(0x00000012c4400000,0x00000012c4500000)]
  0x000001bd1cb60800 JavaThread "build event listener" [_thread_blocked, id=15164, stack(0x00000012c4700000,0x00000012c4800000)]
  0x000001bd1cb5f000 JavaThread "Execution worker for ':'" [_thread_blocked, id=15152, stack(0x00000012c4800000,0x00000012c4900000)]
  0x000001bd1cb69000 JavaThread "Execution worker for ':' Thread 2" [_thread_blocked, id=15036, stack(0x00000012c4900000,0x00000012c4a00000)]
  0x000001bd1cb68000 JavaThread "Execution worker for ':' Thread 3" [_thread_blocked, id=15048, stack(0x00000012c4a00000,0x00000012c4b00000)]
  0x000001bd1cb6a800 JavaThread "Cache worker for execution history cache (C:\Users\Styvy Mhvv\AndroidStudioProjects\Calculatrice\.gradle\7.0.2\executionHistory)" [_thread_blocked, id=15096, stack(0x00000012c4b00000,0x00000012c4c00000)]
  0x000001bd1cb69800 JavaThread "WorkerExecutor Queue" [_thread_blocked, id=14508, stack(0x00000012c4c00000,0x00000012c4d00000)]
  0x000001bd1cb65000 JavaThread "pool-28-thread-1" [_thread_blocked, id=14524, stack(0x00000012c4d00000,0x00000012c4e00000)]
  0x000001bd1cb6b800 JavaThread "stderr" [_thread_in_native, id=14536, stack(0x00000012c4e00000,0x00000012c4f00000)]
  0x000001bd1cb65800 JavaThread "stdout" [_thread_in_native, id=14504, stack(0x00000012c4f00000,0x00000012c5000000)]
  0x000001bd1cb66800 JavaThread "WorkerExecutor Queue Thread 2" [_thread_blocked, id=15228, stack(0x00000012c5100000,0x00000012c5200000)]
  0x000001bd1a0ff000 JavaThread "WorkerExecutor Queue Thread 3" [_thread_blocked, id=13632, stack(0x00000012c5200000,0x00000012c5300000)]
  0x000001bd1a108000 JavaThread "WorkerExecutor Queue Thread 4" [_thread_blocked, id=3320, stack(0x00000012c5300000,0x00000012c5400000)]
  0x000001bd1a106800 JavaThread "ForkJoinPool-3-worker-3" daemon [_thread_blocked, id=14000, stack(0x00000012c5500000,0x00000012c5600000)]
  0x000001bd1a107800 JavaThread "ForkJoinPool-3-worker-5" daemon [_thread_blocked, id=14320, stack(0x00000012c5600000,0x00000012c5700000)]
  0x000001bd1a102800 JavaThread "ForkJoinPool-3-worker-7" daemon [_thread_blocked, id=15344, stack(0x00000012c5700000,0x00000012c5800000)]
  0x000001bd1a10c000 JavaThread "ForkJoinPool-3-worker-1" daemon [_thread_blocked, id=15352, stack(0x00000012c5800000,0x00000012c5900000)]
  0x000001bd1a109000 JavaThread "C2 CompilerThread1" daemon [_thread_blocked, id=14196, stack(0x00000012c5900000,0x00000012c5a00000)]

Other Threads:
=>0x000001bd15274800 VMThread "VM Thread" [stack: 0x00000012c1300000,0x00000012c1400000] [id=800]
  0x000001bd15dda800 WatcherThread [stack: 0x00000012c1d00000,0x00000012c1e00000] [id=5052]
  0x000001bd7b6b8000 GCTaskThread "GC Thread#0" [stack: 0x00000012c0e00000,0x00000012c0f00000] [id=10016]
  0x000001bd16028000 GCTaskThread "GC Thread#1" [stack: 0x00000012c1e00000,0x00000012c1f00000] [id=10976]
  0x000001bd175f9000 GCTaskThread "GC Thread#2" [stack: 0x00000012c2900000,0x00000012c2a00000] [id=1916]
  0x000001bd16c7e800 GCTaskThread "GC Thread#3" [stack: 0x00000012c2a00000,0x00000012c2b00000] [id=1696]
  0x000001bd7b6ea000 ConcurrentGCThread "G1 Main Marker" [stack: 0x00000012c0f00000,0x00000012c1000000] [id=10300]
  0x000001bd7b6ec800 ConcurrentGCThread "G1 Conc#0" [stack: 0x00000012c1000000,0x00000012c1100000] [id=10228]
  0x000001bd7b734800 ConcurrentGCThread "G1 Refine#0" [stack: 0x00000012c1100000,0x00000012c1200000] [id=5420]
  0x000001bd22cf6800 ConcurrentGCThread "G1 Refine#1" [stack: 0x00000012c5400000,0x00000012c5500000] [id=13944]
  0x000001bd7b735800 ConcurrentGCThread "G1 Young RemSet Sampling" [stack: 0x00000012c1200000,0x00000012c1300000] [id=10796]

Threads with active compile tasks:
C2 CompilerThread011266423 29898       4       com.android.tools.r8.naming.w$b::a (88 bytes)
C2 CompilerThread111266423 29899       4       com.android.tools.r8.graph.d0::E (44 bytes)

VM state:at safepoint (normal execution)

VM Mutex/Monitor currently owned by a thread:  ([mutex/lock_event])
[0x000001bd7b69c170] Threads_lock - owner thread: 0x000001bd15274800
[0x000001bd7b69cf80] Heap_lock - owner thread: 0x000001bd1a106800

Heap address: 0x0000000080000000, size: 2048 MB, Compressed Oops mode: 32-bit
Narrow klass base: 0x0000000000000000, Narrow klass shift: 3
Compressed class space size: 1073741824 Address: 0x0000000100000000

Heap:
 garbage-first heap   total 698368K, used 192000K [0x0000000080000000, 0x0000000100000000)
  region size 1024K, 4 young (4096K), 4 survivors (4096K)
 Metaspace       used 149713K, capacity 153536K, committed 157696K, reserved 1185792K
  class space    used 18301K, capacity 19755K, committed 20480K, reserved 1048576K
Heap Regions: E=young(eden), S=young(survivor), O=old, HS=humongous(starts), HC=humongous(continues), CS=collection set, F=free, A=archive, TAMS=top-at-mark-start (previous, next)
|   0|0x0000000080000000, 0x0000000080100000, 0x0000000080100000|100%| O|  |TAMS 0x0000000080100000, 0x0000000080000000| Untracked 
|   1|0x0000000080100000, 0x0000000080200000, 0x0000000080200000|100%| O|  |TAMS 0x0000000080200000, 0x0000000080100000| Untracked 
|   2|0x0000000080200000, 0x0000000080300000, 0x0000000080300000|100%| O|  |TAMS 0x0000000080300000, 0x0000000080200000| Untracked 
|   3|0x0000000080300000, 0x0000000080400000, 0x0000000080400000|100%|HS|  |TAMS 0x0000000080400000, 0x0000000080300000| Complete 
|   4|0x0000000080400000, 0x0000000080500000, 0x0000000080500000|100%|HC|  |TAMS 0x0000000080500000, 0x0000000080400000| Complete 
|   5|0x0000000080500000, 0x0000000080600000, 0x0000000080600000|100%|HC|  |TAMS 0x0000000080600000, 0x0000000080500000| Complete 
|   6|0x0000000080600000, 0x0000000080700000, 0x0000000080700000|100%| O|  |TAMS 0x0000000080700000, 0x0000000080600000| Untracked 
|   7|0x0000000080700000, 0x0000000080800000, 0x0000000080800000|100%| O|  |TAMS 0x0000000080800000, 0x0000000080700000| Untracked 
|   8|0x0000000080800000, 0x0000000080900000, 0x0000000080900000|100%| O|  |TAMS 0x0000000080900000, 0x0000000080800000| Untracked 
|   9|0x0000000080900000, 0x0000000080a00000, 0x0000000080a00000|100%| O|  |TAMS 0x0000000080a00000, 0x0000000080900000| Untracked 
|  10|0x0000000080a00000, 0x0000000080b00000, 0x0000000080b00000|100%| O|  |TAMS 0x0000000080b00000, 0x0000000080a00000| Untracked 
|  11|0x0000000080b00000, 0x0000000080c00000, 0x0000000080c00000|100%| O|  |TAMS 0x0000000080c00000, 0x0000000080b00000| Untracked 
|  12|0x0000000080c00000, 0x0000000080d00000, 0x0000000080d00000|100%| O|  |TAMS 0x0000000080d00000, 0x0000000080c00000| Untracked 
|  13|0x0000000080d00000, 0x0000000080e00000, 0x0000000080e00000|100%| O|  |TAMS 0x0000000080e00000, 0x0000000080d00000| Untracked 
|  14|0x0000000080e00000, 0x0000000080f00000, 0x0000000080f00000|100%| O|  |TAMS 0x0000000080f00000, 0x0000000080e00000| Untracked 
|  15|0x0000000080f00000, 0x0000000081000000, 0x0000000081000000|100%| O|  |TAMS 0x0000000081000000, 0x0000000080f00000| Untracked 
|  16|0x0000000081000000, 0x0000000081100000, 0x0000000081100000|100%|HS|  |TAMS 0x0000000081100000, 0x0000000081000000| Complete 
|  17|0x0000000081100000, 0x0000000081200000, 0x0000000081200000|100%|HC|  |TAMS 0x0000000081200000, 0x0000000081100000| Complete 
|  18|0x0000000081200000, 0x0000000081300000, 0x0000000081300000|100%|HS|  |TAMS 0x0000000081300000, 0x0000000081200000| Complete 
|  19|0x0000000081300000, 0x0000000081400000, 0x0000000081400000|100%|HC|  |TAMS 0x0000000081400000, 0x0000000081300000| Complete 
|  20|0x0000000081400000, 0x0000000081500000, 0x0000000081500000|100%|HC|  |TAMS 0x0000000081500000, 0x0000000081400000| Complete 
|  21|0x0000000081500000, 0x0000000081600000, 0x0000000081600000|100%|HS|  |TAMS 0x0000000081600000, 0x0000000081500000| Complete 
|  22|0x0000000081600000, 0x0000000081700000, 0x0000000081700000|100%|HC|  |TAMS 0x0000000081700000, 0x0000000081600000| Complete 
|  23|0x0000000081700000, 0x0000000081800000, 0x0000000081800000|100%|HC|  |TAMS 0x0000000081800000, 0x0000000081700000| Complete 
|  24|0x0000000081800000, 0x0000000081900000, 0x0000000081900000|100%|HC|  |TAMS 0x0000000081900000, 0x0000000081800000| Complete 
|  25|0x0000000081900000, 0x0000000081a00000, 0x0000000081a00000|100%|HC|  |TAMS 0x0000000081a00000, 0x0000000081900000| Complete 
|  26|0x0000000081a00000, 0x0000000081b00000, 0x0000000081b00000|100%| O|  |TAMS 0x0000000081b00000, 0x0000000081a00000| Untracked 
|  27|0x0000000081b00000, 0x0000000081c00000, 0x0000000081c00000|100%| O|  |TAMS 0x0000000081c00000, 0x0000000081b00000| Untracked 
|  28|0x0000000081c00000, 0x0000000081d00000, 0x0000000081d00000|100%| O|  |TAMS 0x0000000081d00000, 0x0000000081c00000| Untracked 
|  29|0x0000000081d00000, 0x0000000081e00000, 0x0000000081e00000|100%|HS|  |TAMS 0x0000000081d00000, 0x0000000081d00000| Complete 
|  30|0x0000000081e00000, 0x0000000081f00000, 0x0000000081f00000|100%| O|  |TAMS 0x0000000081f00000, 0x0000000081e00000| Untracked 
|  31|0x0000000081f00000, 0x0000000082000000, 0x0000000082000000|100%| O|  |TAMS 0x0000000082000000, 0x0000000081f00000| Untracked 
|  32|0x0000000082000000, 0x0000000082100000, 0x0000000082100000|100%| O|  |TAMS 0x0000000082100000, 0x0000000082000000| Untracked 
|  33|0x0000000082100000, 0x0000000082200000, 0x0000000082200000|100%| O|  |TAMS 0x0000000082200000, 0x0000000082100000| Untracked 
|  34|0x0000000082200000, 0x0000000082300000, 0x0000000082300000|100%| O|  |TAMS 0x0000000082300000, 0x0000000082200000| Untracked 
|  35|0x0000000082300000, 0x0000000082400000, 0x0000000082400000|100%| O|  |TAMS 0x0000000082300000, 0x0000000082300000| Untracked 
|  36|0x0000000082400000, 0x0000000082500000, 0x0000000082500000|100%| O|  |TAMS 0x0000000082500000, 0x0000000082400000| Untracked 
|  37|0x0000000082500000, 0x0000000082600000, 0x0000000082600000|100%| O|  |TAMS 0x0000000082600000, 0x0000000082500000| Untracked 
|  38|0x0000000082600000, 0x0000000082700000, 0x0000000082700000|100%| O|  |TAMS 0x0000000082700000, 0x0000000082600000| Untracked 
|  39|0x0000000082700000, 0x0000000082800000, 0x0000000082800000|100%| O|  |TAMS 0x0000000082800000, 0x0000000082700000| Untracked 
|  40|0x0000000082800000, 0x0000000082900000, 0x0000000082900000|100%|HS|  |TAMS 0x0000000082800000, 0x0000000082800000| Complete 
|  41|0x0000000082900000, 0x0000000082a00000, 0x0000000082a00000|100%| O|  |TAMS 0x0000000082900000, 0x0000000082900000| Untracked 
|  42|0x0000000082a00000, 0x0000000082b00000, 0x0000000082b00000|100%| O|  |TAMS 0x0000000082a00000, 0x0000000082a00000| Untracked 
|  43|0x0000000082b00000, 0x0000000082c00000, 0x0000000082c00000|100%| O|  |TAMS 0x0000000082b00000, 0x0000000082b00000| Untracked 
|  44|0x0000000082c00000, 0x0000000082d00000, 0x0000000082d00000|100%|HS|  |TAMS 0x0000000082c00000, 0x0000000082c00000| Complete 
|  45|0x0000000082d00000, 0x0000000082e00000, 0x0000000082e00000|100%| O|  |TAMS 0x0000000082e00000, 0x0000000082d00000| Untracked 
|  46|0x0000000082e00000, 0x0000000082f00000, 0x0000000082f00000|100%| O|  |TAMS 0x0000000082f00000, 0x0000000082e00000| Untracked 
|  47|0x0000000082f00000, 0x0000000083000000, 0x0000000083000000|100%| O|  |TAMS 0x0000000083000000, 0x0000000082f00000| Untracked 
|  48|0x0000000083000000, 0x0000000083100000, 0x0000000083100000|100%| O|  |TAMS 0x0000000083100000, 0x0000000083000000| Untracked 
|  49|0x0000000083100000, 0x0000000083200000, 0x0000000083200000|100%| O|  |TAMS 0x0000000083200000, 0x0000000083100000| Untracked 
|  50|0x0000000083200000, 0x0000000083300000, 0x0000000083300000|100%| O|  |TAMS 0x0000000083200000, 0x0000000083200000| Untracked 
|  51|0x0000000083300000, 0x0000000083400000, 0x0000000083400000|100%| O|  |TAMS 0x0000000083300000, 0x0000000083300000| Untracked 
|  52|0x0000000083400000, 0x0000000083500000, 0x0000000083500000|100%| O|  |TAMS 0x0000000083400000, 0x0000000083400000| Untracked 
|  53|0x0000000083500000, 0x0000000083580000, 0x0000000083600000| 50%| O|  |TAMS 0x0000000083500000, 0x0000000083500000| Untracked 
|  54|0x0000000083600000, 0x0000000083600000, 0x0000000083700000|  0%| F|  |TAMS 0x0000000083600000, 0x0000000083600000| Untracked 
|  55|0x0000000083700000, 0x0000000083800000, 0x0000000083800000|100%| O|  |TAMS 0x0000000083700000, 0x0000000083700000| Untracked 
|  56|0x0000000083800000, 0x0000000083900000, 0x0000000083900000|100%| O|  |TAMS 0x0000000083900000, 0x0000000083800000| Untracked 
|  57|0x0000000083900000, 0x0000000083a00000, 0x0000000083a00000|100%| O|  |TAMS 0x0000000083900000, 0x0000000083900000| Untracked 
|  58|0x0000000083a00000, 0x0000000083a00000, 0x0000000083b00000|  0%| F|  |TAMS 0x0000000083a00000, 0x0000000083a00000| Untracked 
|  59|0x0000000083b00000, 0x0000000083c00000, 0x0000000083c00000|100%| O|  |TAMS 0x0000000083b00000, 0x0000000083b00000| Untracked 
|  60|0x0000000083c00000, 0x0000000083d00000, 0x0000000083d00000|100%|HS|  |TAMS 0x0000000083d00000, 0x0000000083c00000| Complete 
|  61|0x0000000083d00000, 0x0000000083e00000, 0x0000000083e00000|100%|HS|  |TAMS 0x0000000083e00000, 0x0000000083d00000| Complete 
|  62|0x0000000083e00000, 0x0000000083f00000, 0x0000000083f00000|100%|HS|  |TAMS 0x0000000083f00000, 0x0000000083e00000| Complete 
|  63|0x0000000083f00000, 0x0000000084000000, 0x0000000084000000|100%|HC|  |TAMS 0x0000000084000000, 0x0000000083f00000| Complete 
|  64|0x0000000084000000, 0x0000000084100000, 0x0000000084100000|100%| O|  |TAMS 0x0000000084000000, 0x0000000084000000| Untracked 
|  65|0x0000000084100000, 0x0000000084200000, 0x0000000084200000|100%| O|  |TAMS 0x0000000084200000, 0x0000000084100000| Untracked 
|  66|0x0000000084200000, 0x0000000084300000, 0x0000000084300000|100%| O|  |TAMS 0x0000000084300000, 0x0000000084200000| Untracked 
|  67|0x0000000084300000, 0x0000000084300000, 0x0000000084400000|  0%| F|  |TAMS 0x0000000084300000, 0x0000000084300000| Untracked 
|  68|0x0000000084400000, 0x0000000084500000, 0x0000000084500000|100%| O|  |TAMS 0x0000000084500000, 0x0000000084400000| Untracked 
|  69|0x0000000084500000, 0x0000000084600000, 0x0000000084600000|100%| O|  |TAMS 0x0000000084600000, 0x0000000084500000| Untracked 
|  70|0x0000000084600000, 0x0000000084700000, 0x0000000084700000|100%| O|  |TAMS 0x0000000084700000, 0x0000000084600000| Untracked 
|  71|0x0000000084700000, 0x0000000084800000, 0x0000000084800000|100%| O|  |TAMS 0x0000000084800000, 0x0000000084700000| Untracked 
|  72|0x0000000084800000, 0x0000000084900000, 0x0000000084900000|100%| O|  |TAMS 0x0000000084900000, 0x0000000084800000| Untracked 
|  73|0x0000000084900000, 0x0000000084a00000, 0x0000000084a00000|100%| O|  |TAMS 0x0000000084a00000, 0x0000000084900000| Untracked 
|  74|0x0000000084a00000, 0x0000000084b00000, 0x0000000084b00000|100%| O|  |TAMS 0x0000000084b00000, 0x0000000084a00000| Untracked 
|  75|0x0000000084b00000, 0x0000000084c00000, 0x0000000084c00000|100%|HS|  |TAMS 0x0000000084b00000, 0x0000000084b00000| Complete 
|  76|0x0000000084c00000, 0x0000000084d00000, 0x0000000084d00000|100%|HS|  |TAMS 0x0000000084c00000, 0x0000000084c00000| Complete 
|  77|0x0000000084d00000, 0x0000000084e00000, 0x0000000084e00000|100%| O|  |TAMS 0x0000000084e00000, 0x0000000084d00000| Untracked 
|  78|0x0000000084e00000, 0x0000000084f00000, 0x0000000084f00000|100%| O|  |TAMS 0x0000000084f00000, 0x0000000084e00000| Untracked 
|  79|0x0000000084f00000, 0x0000000085000000, 0x0000000085000000|100%| O|  |TAMS 0x0000000084f00000, 0x0000000084f00000| Untracked 
|  80|0x0000000085000000, 0x0000000085100000, 0x0000000085100000|100%| O|  |TAMS 0x0000000085100000, 0x0000000085000000| Untracked 
|  81|0x0000000085100000, 0x0000000085200000, 0x0000000085200000|100%| O|  |TAMS 0x0000000085100000, 0x0000000085100000| Untracked 
|  82|0x0000000085200000, 0x0000000085200000, 0x0000000085300000|  0%| F|  |TAMS 0x0000000085200000, 0x0000000085200000| Untracked 
|  83|0x0000000085300000, 0x0000000085400000, 0x0000000085400000|100%| O|  |TAMS 0x0000000085400000, 0x0000000085300000| Untracked 
|  84|0x0000000085400000, 0x0000000085500000, 0x0000000085500000|100%| O|  |TAMS 0x0000000085500000, 0x0000000085400000| Untracked 
|  85|0x0000000085500000, 0x0000000085500000, 0x0000000085600000|  0%| F|  |TAMS 0x0000000085500000, 0x0000000085500000| Untracked 
|  86|0x0000000085600000, 0x0000000085700000, 0x0000000085700000|100%| O|  |TAMS 0x0000000085600000, 0x0000000085600000| Untracked 
|  87|0x0000000085700000, 0x0000000085800000, 0x0000000085800000|100%| O|  |TAMS 0x0000000085700000, 0x0000000085700000| Untracked 
|  88|0x0000000085800000, 0x0000000085900000, 0x0000000085900000|100%| O|  |TAMS 0x0000000085800000, 0x0000000085800000| Untracked 
|  89|0x0000000085900000, 0x0000000085a00000, 0x0000000085a00000|100%| O|  |TAMS 0x0000000085900000, 0x0000000085900000| Untracked 
|  90|0x0000000085a00000, 0x0000000085b00000, 0x0000000085b00000|100%| O|  |TAMS 0x0000000085a00000, 0x0000000085a00000| Untracked 
|  91|0x0000000085b00000, 0x0000000085c00000, 0x0000000085c00000|100%| O|  |TAMS 0x0000000085b00000, 0x0000000085b00000| Untracked 
|  92|0x0000000085c00000, 0x0000000085d00000, 0x0000000085d00000|100%| O|  |TAMS 0x0000000085c00000, 0x0000000085c00000| Untracked 
|  93|0x0000000085d00000, 0x0000000085e00000, 0x0000000085e00000|100%| O|  |TAMS 0x0000000085e00000, 0x0000000085d00000| Untracked 
|  94|0x0000000085e00000, 0x0000000085f00000, 0x0000000085f00000|100%| O|  |TAMS 0x0000000085e00000, 0x0000000085e00000| Untracked 
|  95|0x0000000085f00000, 0x0000000086000000, 0x0000000086000000|100%| O|  |TAMS 0x0000000085f00000, 0x0000000085f00000| Untracked 
|  96|0x0000000086000000, 0x0000000086100000, 0x0000000086100000|100%| O|  |TAMS 0x0000000086100000, 0x0000000086000000| Untracked 
|  97|0x0000000086100000, 0x0000000086200000, 0x0000000086200000|100%| O|  |TAMS 0x0000000086200000, 0x0000000086100000| Untracked 
|  98|0x0000000086200000, 0x0000000086200000, 0x0000000086300000|  0%| F|  |TAMS 0x0000000086200000, 0x0000000086200000| Untracked 
|  99|0x0000000086300000, 0x0000000086400000, 0x0000000086400000|100%| O|  |TAMS 0x0000000086400000, 0x0000000086300000| Untracked 
| 100|0x0000000086400000, 0x0000000086500000, 0x0000000086500000|100%| O|  |TAMS 0x0000000086500000, 0x0000000086400000| Untracked 
| 101|0x0000000086500000, 0x0000000086600000, 0x0000000086600000|100%| O|  |TAMS 0x0000000086600000, 0x0000000086500000| Untracked 
| 102|0x0000000086600000, 0x0000000086700000, 0x0000000086700000|100%| O|  |TAMS 0x0000000086600000, 0x0000000086600000| Untracked 
| 103|0x0000000086700000, 0x0000000086800000, 0x0000000086800000|100%| O|  |TAMS 0x0000000086700000, 0x0000000086700000| Untracked 
| 104|0x0000000086800000, 0x0000000086800000, 0x0000000086900000|  0%| F|  |TAMS 0x0000000086800000, 0x0000000086800000| Untracked 
| 105|0x0000000086900000, 0x0000000086a00000, 0x0000000086a00000|100%| O|  |TAMS 0x0000000086a00000, 0x0000000086900000| Untracked 
| 106|0x0000000086a00000, 0x0000000086b00000, 0x0000000086b00000|100%| O|  |TAMS 0x0000000086a00000, 0x0000000086a00000| Untracked 
| 107|0x0000000086b00000, 0x0000000086c00000, 0x0000000086c00000|100%| O|  |TAMS 0x0000000086c00000, 0x0000000086b00000| Untracked 
| 108|0x0000000086c00000, 0x0000000086d00000, 0x0000000086d00000|100%| O|  |TAMS 0x0000000086c00000, 0x0000000086c00000| Untracked 
| 109|0x0000000086d00000, 0x0000000086e00000, 0x0000000086e00000|100%| O|  |TAMS 0x0000000086d00000, 0x0000000086d00000| Untracked 
| 110|0x0000000086e00000, 0x0000000086f00000, 0x0000000086f00000|100%| O|  |TAMS 0x0000000086e00000, 0x0000000086e00000| Untracked 
| 111|0x0000000086f00000, 0x0000000087000000, 0x0000000087000000|100%| O|  |TAMS 0x0000000086f00000, 0x0000000086f00000| Untracked 
| 112|0x0000000087000000, 0x0000000087100000, 0x0000000087100000|100%| O|  |TAMS 0x0000000087000000, 0x0000000087000000| Untracked 
| 113|0x0000000087100000, 0x0000000087200000, 0x0000000087200000|100%| O|  |TAMS 0x0000000087100000, 0x0000000087100000| Untracked 
| 114|0x0000000087200000, 0x0000000087300000, 0x0000000087300000|100%| O|  |TAMS 0x0000000087200000, 0x0000000087200000| Untracked 
| 115|0x0000000087300000, 0x0000000087400000, 0x0000000087400000|100%| O|  |TAMS 0x0000000087300000, 0x0000000087300000| Untracked 
| 116|0x0000000087400000, 0x0000000087500000, 0x0000000087500000|100%| O|  |TAMS 0x0000000087400000, 0x0000000087400000| Untracked 
| 117|0x0000000087500000, 0x0000000087600000, 0x0000000087600000|100%| O|  |TAMS 0x0000000087500000, 0x0000000087500000| Untracked 
| 118|0x0000000087600000, 0x0000000087700000, 0x0000000087700000|100%| O|  |TAMS 0x0000000087600000, 0x0000000087600000| Untracked 
| 119|0x0000000087700000, 0x0000000087800000, 0x0000000087800000|100%| O|  |TAMS 0x0000000087800000, 0x0000000087700000| Untracked 
| 120|0x0000000087800000, 0x0000000087900000, 0x0000000087900000|100%| O|  |TAMS 0x0000000087800000, 0x0000000087800000| Untracked 
| 121|0x0000000087900000, 0x0000000087a00000, 0x0000000087a00000|100%| O|  |TAMS 0x0000000087900000, 0x0000000087900000| Untracked 
| 122|0x0000000087a00000, 0x0000000087b00000, 0x0000000087b00000|100%| O|  |TAMS 0x0000000087a00000, 0x0000000087a00000| Untracked 
| 123|0x0000000087b00000, 0x0000000087c00000, 0x0000000087c00000|100%| O|  |TAMS 0x0000000087b00000, 0x0000000087b00000| Untracked 
| 124|0x0000000087c00000, 0x0000000087d00000, 0x0000000087d00000|100%| O|  |TAMS 0x0000000087c00000, 0x0000000087c00000| Untracked 
| 125|0x0000000087d00000, 0x0000000087e00000, 0x0000000087e00000|100%| O|  |TAMS 0x0000000087e00000, 0x0000000087d00000| Untracked 
| 126|0x0000000087e00000, 0x0000000087f00000, 0x0000000087f00000|100%| O|  |TAMS 0x0000000087e00000, 0x0000000087e00000| Untracked 
| 127|0x0000000087f00000, 0x0000000087f00000, 0x0000000088000000|  0%| F|  |TAMS 0x0000000087f00000, 0x0000000087f00000| Untracked 
| 128|0x0000000088000000, 0x0000000088000000, 0x0000000088100000|  0%| F|  |TAMS 0x0000000088000000, 0x0000000088000000| Untracked 
| 129|0x0000000088100000, 0x0000000088200000, 0x0000000088200000|100%| O|  |TAMS 0x0000000088100000, 0x0000000088100000| Untracked 
| 130|0x0000000088200000, 0x0000000088300000, 0x0000000088300000|100%| O|  |TAMS 0x0000000088200000, 0x0000000088200000| Untracked 
| 131|0x0000000088300000, 0x0000000088400000, 0x0000000088400000|100%| O|  |TAMS 0x0000000088300000, 0x0000000088300000| Untracked 
| 132|0x0000000088400000, 0x0000000088500000, 0x0000000088500000|100%|HS|  |TAMS 0x0000000088400000, 0x0000000088400000| Complete 
| 133|0x0000000088500000, 0x0000000088600000, 0x0000000088600000|100%|HC|  |TAMS 0x0000000088500000, 0x0000000088500000| Complete 
| 134|0x0000000088600000, 0x0000000088700000, 0x0000000088700000|100%|HC|  |TAMS 0x0000000088600000, 0x0000000088600000| Complete 
| 135|0x0000000088700000, 0x0000000088800000, 0x0000000088800000|100%|HC|  |TAMS 0x0000000088700000, 0x0000000088700000| Complete 
| 136|0x0000000088800000, 0x0000000088900000, 0x0000000088900000|100%|HC|  |TAMS 0x0000000088800000, 0x0000000088800000| Complete 
| 137|0x0000000088900000, 0x0000000088a00000, 0x0000000088a00000|100%|HC|  |TAMS 0x0000000088900000, 0x0000000088900000| Complete 
| 138|0x0000000088a00000, 0x0000000088a00000, 0x0000000088b00000|  0%| F|  |TAMS 0x0000000088a00000, 0x0000000088a00000| Untracked 
| 139|0x0000000088b00000, 0x0000000088b00000, 0x0000000088c00000|  0%| F|  |TAMS 0x0000000088b00000, 0x0000000088b00000| Untracked 
| 140|0x0000000088c00000, 0x0000000088c00000, 0x0000000088d00000|  0%| F|  |TAMS 0x0000000088c00000, 0x0000000088c00000| Untracked 
| 141|0x0000000088d00000, 0x0000000088d00000, 0x0000000088e00000|  0%| F|  |TAMS 0x0000000088d00000, 0x0000000088d00000| Untracked 
| 142|0x0000000088e00000, 0x0000000088e00000, 0x0000000088f00000|  0%| F|  |TAMS 0x0000000088e00000, 0x0000000088e00000| Untracked 
| 143|0x0000000088f00000, 0x0000000088f00000, 0x0000000089000000|  0%| F|  |TAMS 0x0000000088f00000, 0x0000000088f00000| Untracked 
| 144|0x0000000089000000, 0x0000000089000000, 0x0000000089100000|  0%| F|  |TAMS 0x0000000089000000, 0x0000000089000000| Untracked 
| 145|0x0000000089100000, 0x0000000089100000, 0x0000000089200000|  0%| F|  |TAMS 0x0000000089100000, 0x0000000089100000| Untracked 
| 146|0x0000000089200000, 0x0000000089200000, 0x0000000089300000|  0%| F|  |TAMS 0x0000000089200000, 0x0000000089200000| Untracked 
| 147|0x0000000089300000, 0x0000000089300000, 0x0000000089400000|  0%| F|  |TAMS 0x0000000089300000, 0x0000000089300000| Untracked 
| 148|0x0000000089400000, 0x0000000089400000, 0x0000000089500000|  0%| F|  |TAMS 0x0000000089400000, 0x0000000089400000| Untracked 
| 149|0x0000000089500000, 0x0000000089500000, 0x0000000089600000|  0%| F|  |TAMS 0x0000000089500000, 0x0000000089500000| Untracked 
| 150|0x0000000089600000, 0x0000000089600000, 0x0000000089700000|  0%| F|  |TAMS 0x0000000089600000, 0x0000000089600000| Untracked 
| 151|0x0000000089700000, 0x0000000089700000, 0x0000000089800000|  0%| F|  |TAMS 0x0000000089700000, 0x0000000089700000| Untracked 
| 152|0x0000000089800000, 0x0000000089800000, 0x0000000089900000|  0%| F|  |TAMS 0x0000000089800000, 0x0000000089800000| Untracked 
| 153|0x0000000089900000, 0x0000000089900000, 0x0000000089a00000|  0%| F|  |TAMS 0x0000000089900000, 0x0000000089900000| Untracked 
| 154|0x0000000089a00000, 0x0000000089a00000, 0x0000000089b00000|  0%| F|  |TAMS 0x0000000089a00000, 0x0000000089a00000| Untracked 
| 155|0x0000000089b00000, 0x0000000089c00000, 0x0000000089c00000|100%| O|  |TAMS 0x0000000089c00000, 0x0000000089b00000| Untracked 
| 156|0x0000000089c00000, 0x0000000089c00000, 0x0000000089d00000|  0%| F|  |TAMS 0x0000000089c00000, 0x0000000089c00000| Untracked 
| 157|0x0000000089d00000, 0x0000000089d00000, 0x0000000089e00000|  0%| F|  |TAMS 0x0000000089d00000, 0x0000000089d00000| Untracked 
| 158|0x0000000089e00000, 0x0000000089e00000, 0x0000000089f00000|  0%| F|  |TAMS 0x0000000089e00000, 0x0000000089e00000| Untracked 
| 159|0x0000000089f00000, 0x0000000089f00000, 0x000000008a000000|  0%| F|  |TAMS 0x0000000089f00000, 0x0000000089f00000| Untracked 
| 160|0x000000008a000000, 0x000000008a000000, 0x000000008a100000|  0%| F|  |TAMS 0x000000008a000000, 0x000000008a000000| Untracked 
| 161|0x000000008a100000, 0x000000008a100000, 0x000000008a200000|  0%| F|  |TAMS 0x000000008a100000, 0x000000008a100000| Untracked 
| 162|0x000000008a200000, 0x000000008a200000, 0x000000008a300000|  0%| F|  |TAMS 0x000000008a200000, 0x000000008a200000| Untracked 
| 163|0x000000008a300000, 0x000000008a300000, 0x000000008a400000|  0%| F|  |TAMS 0x000000008a300000, 0x000000008a300000| Untracked 
| 164|0x000000008a400000, 0x000000008a400000, 0x000000008a500000|  0%| F|  |TAMS 0x000000008a400000, 0x000000008a400000| Untracked 
| 165|0x000000008a500000, 0x000000008a500000, 0x000000008a600000|  0%| F|  |TAMS 0x000000008a500000, 0x000000008a500000| Untracked 
| 166|0x000000008a600000, 0x000000008a600000, 0x000000008a700000|  0%| F|  |TAMS 0x000000008a600000, 0x000000008a600000| Untracked 
| 167|0x000000008a700000, 0x000000008a700000, 0x000000008a800000|  0%| F|  |TAMS 0x000000008a700000, 0x000000008a700000| Untracked 
| 168|0x000000008a800000, 0x000000008a800000, 0x000000008a900000|  0%| F|  |TAMS 0x000000008a800000, 0x000000008a800000| Untracked 
| 169|0x000000008a900000, 0x000000008a900000, 0x000000008aa00000|  0%| F|  |TAMS 0x000000008a900000, 0x000000008a900000| Untracked 
| 170|0x000000008aa00000, 0x000000008aa00000, 0x000000008ab00000|  0%| F|  |TAMS 0x000000008aa00000, 0x000000008aa00000| Untracked 
| 171|0x000000008ab00000, 0x000000008ab00000, 0x000000008ac00000|  0%| F|  |TAMS 0x000000008ab00000, 0x000000008ab00000| Untracked 
| 172|0x000000008ac00000, 0x000000008ac00000, 0x000000008ad00000|  0%| F|  |TAMS 0x000000008ac00000, 0x000000008ac00000| Untracked 
| 173|0x000000008ad00000, 0x000000008ad00000, 0x000000008ae00000|  0%| F|  |TAMS 0x000000008ad00000, 0x000000008ad00000| Untracked 
| 174|0x000000008ae00000, 0x000000008ae00000, 0x000000008af00000|  0%| F|  |TAMS 0x000000008ae00000, 0x000000008ae00000| Untracked 
| 175|0x000000008af00000, 0x000000008af00000, 0x000000008b000000|  0%| F|  |TAMS 0x000000008af00000, 0x000000008af00000| Untracked 
| 176|0x000000008b000000, 0x000000008b000000, 0x000000008b100000|  0%| F|  |TAMS 0x000000008b000000, 0x000000008b000000| Untracked 
| 177|0x000000008b100000, 0x000000008b100000, 0x000000008b200000|  0%| F|  |TAMS 0x000000008b100000, 0x000000008b100000| Untracked 
| 178|0x000000008b200000, 0x000000008b200000, 0x000000008b300000|  0%| F|  |TAMS 0x000000008b200000, 0x000000008b200000| Untracked 
| 179|0x000000008b300000, 0x000000008b300000, 0x000000008b400000|  0%| F|  |TAMS 0x000000008b300000, 0x000000008b300000| Untracked 
| 180|0x000000008b400000, 0x000000008b400000, 0x000000008b500000|  0%| F|  |TAMS 0x000000008b400000, 0x000000008b400000| Untracked 
| 181|0x000000008b500000, 0x000000008b500000, 0x000000008b600000|  0%| F|  |TAMS 0x000000008b500000, 0x000000008b500000| Untracked 
| 182|0x000000008b600000, 0x000000008b600000, 0x000000008b700000|  0%| F|  |TAMS 0x000000008b600000, 0x000000008b600000| Untracked 
| 183|0x000000008b700000, 0x000000008b700000, 0x000000008b800000|  0%| F|  |TAMS 0x000000008b700000, 0x000000008b700000| Untracked 
| 184|0x000000008b800000, 0x000000008b800000, 0x000000008b900000|  0%| F|  |TAMS 0x000000008b800000, 0x000000008b800000| Untracked 
| 185|0x000000008b900000, 0x000000008b900000, 0x000000008ba00000|  0%| F|  |TAMS 0x000000008b900000, 0x000000008b900000| Untracked 
| 186|0x000000008ba00000, 0x000000008ba00000, 0x000000008bb00000|  0%| F|  |TAMS 0x000000008ba00000, 0x000000008ba00000| Untracked 
| 187|0x000000008bb00000, 0x000000008bb00000, 0x000000008bc00000|  0%| F|  |TAMS 0x000000008bb00000, 0x000000008bb00000| Untracked 
| 188|0x000000008bc00000, 0x000000008bc00000, 0x000000008bd00000|  0%| F|  |TAMS 0x000000008bc00000, 0x000000008bc00000| Untracked 
| 189|0x000000008bd00000, 0x000000008bd00000, 0x000000008be00000|  0%| F|  |TAMS 0x000000008bd00000, 0x000000008bd00000| Untracked 
| 190|0x000000008be00000, 0x000000008be00000, 0x000000008bf00000|  0%| F|  |TAMS 0x000000008be00000, 0x000000008be00000| Untracked 
| 191|0x000000008bf00000, 0x000000008bf00000, 0x000000008c000000|  0%| F|  |TAMS 0x000000008bf00000, 0x000000008bf00000| Untracked 
| 192|0x000000008c000000, 0x000000008c000000, 0x000000008c100000|  0%| F|  |TAMS 0x000000008c000000, 0x000000008c000000| Untracked 
| 193|0x000000008c100000, 0x000000008c200000, 0x000000008c200000|100%|HS|  |TAMS 0x000000008c200000, 0x000000008c100000| Complete 
| 194|0x000000008c200000, 0x000000008c300000, 0x000000008c300000|100%|HC|  |TAMS 0x000000008c300000, 0x000000008c200000| Complete 
| 195|0x000000008c300000, 0x000000008c400000, 0x000000008c400000|100%|HS|  |TAMS 0x000000008c400000, 0x000000008c300000| Complete 
| 196|0x000000008c400000, 0x000000008c500000, 0x000000008c500000|100%|HS|  |TAMS 0x000000008c500000, 0x000000008c400000| Complete 
| 197|0x000000008c500000, 0x000000008c600000, 0x000000008c600000|100%|HS|  |TAMS 0x000000008c600000, 0x000000008c500000| Complete 
| 198|0x000000008c600000, 0x000000008c700000, 0x000000008c700000|100%| O|  |TAMS 0x000000008c700000, 0x000000008c600000| Untracked 
| 199|0x000000008c700000, 0x000000008c700000, 0x000000008c800000|  0%| F|  |TAMS 0x000000008c700000, 0x000000008c700000| Untracked 
| 200|0x000000008c800000, 0x000000008c800000, 0x000000008c900000|  0%| F|  |TAMS 0x000000008c800000, 0x000000008c800000| Untracked 
| 201|0x000000008c900000, 0x000000008c900000, 0x000000008ca00000|  0%| F|  |TAMS 0x000000008c900000, 0x000000008c900000| Untracked 
| 202|0x000000008ca00000, 0x000000008cb00000, 0x000000008cb00000|100%| O|  |TAMS 0x000000008cb00000, 0x000000008ca00000| Untracked 
| 203|0x000000008cb00000, 0x000000008cc00000, 0x000000008cc00000|100%| O|  |TAMS 0x000000008cc00000, 0x000000008cb00000| Untracked 
| 204|0x000000008cc00000, 0x000000008cc00000, 0x000000008cd00000|  0%| F|  |TAMS 0x000000008cc00000, 0x000000008cc00000| Untracked 
| 205|0x000000008cd00000, 0x000000008cd00000, 0x000000008ce00000|  0%| F|  |TAMS 0x000000008cd00000, 0x000000008cd00000| Untracked 
| 206|0x000000008ce00000, 0x000000008ce00000, 0x000000008cf00000|  0%| F|  |TAMS 0x000000008ce00000, 0x000000008ce00000| Untracked 
| 207|0x000000008cf00000, 0x000000008d000000, 0x000000008d000000|100%| O|  |TAMS 0x000000008d000000, 0x000000008cf00000| Untracked 
| 208|0x000000008d000000, 0x000000008d000000, 0x000000008d100000|  0%| F|  |TAMS 0x000000008d000000, 0x000000008d000000| Untracked 
| 209|0x000000008d100000, 0x000000008d200000, 0x000000008d200000|100%| O|  |TAMS 0x000000008d200000, 0x000000008d100000| Untracked 
| 210|0x000000008d200000, 0x000000008d200000, 0x000000008d300000|  0%| F|  |TAMS 0x000000008d200000, 0x000000008d200000| Untracked 
| 211|0x000000008d300000, 0x000000008d400000, 0x000000008d400000|100%| O|  |TAMS 0x000000008d400000, 0x000000008d300000| Untracked 
| 212|0x000000008d400000, 0x000000008d500000, 0x000000008d500000|100%| O|  |TAMS 0x000000008d500000, 0x000000008d400000| Untracked 
| 213|0x000000008d500000, 0x000000008d600000, 0x000000008d600000|100%| O|  |TAMS 0x000000008d600000, 0x000000008d500000| Untracked 
| 214|0x000000008d600000, 0x000000008d700000, 0x000000008d700000|100%| O|  |TAMS 0x000000008d700000, 0x000000008d600000| Untracked 
| 215|0x000000008d700000, 0x000000008d800000, 0x000000008d800000|100%| O|  |TAMS 0x000000008d800000, 0x000000008d700000| Untracked 
| 216|0x000000008d800000, 0x000000008d900000, 0x000000008d900000|100%| O|  |TAMS 0x000000008d900000, 0x000000008d800000| Untracked 
| 217|0x000000008d900000, 0x000000008da00000, 0x000000008da00000|100%| O|  |TAMS 0x000000008da00000, 0x000000008d900000| Untracked 
| 218|0x000000008da00000, 0x000000008db00000, 0x000000008db00000|100%| O|  |TAMS 0x000000008db00000, 0x000000008da00000| Untracked 
| 219|0x000000008db00000, 0x000000008dc00000, 0x000000008dc00000|100%| O|  |TAMS 0x000000008dc00000, 0x000000008db00000| Untracked 
| 220|0x000000008dc00000, 0x000000008dd00000, 0x000000008dd00000|100%| O|  |TAMS 0x000000008dd00000, 0x000000008dc00000| Untracked 
| 221|0x000000008dd00000, 0x000000008de00000, 0x000000008de00000|100%| O|  |TAMS 0x000000008de00000, 0x000000008dd00000| Untracked 
| 222|0x000000008de00000, 0x000000008df00000, 0x000000008df00000|100%| O|  |TAMS 0x000000008df00000, 0x000000008de00000| Untracked 
| 223|0x000000008df00000, 0x000000008e000000, 0x000000008e000000|100%| O|  |TAMS 0x000000008e000000, 0x000000008df00000| Untracked 
| 224|0x000000008e000000, 0x000000008e100000, 0x000000008e100000|100%| O|  |TAMS 0x000000008e100000, 0x000000008e000000| Untracked 
| 225|0x000000008e100000, 0x000000008e200000, 0x000000008e200000|100%| O|  |TAMS 0x000000008e200000, 0x000000008e100000| Untracked 
| 226|0x000000008e200000, 0x000000008e200000, 0x000000008e300000|  0%| F|  |TAMS 0x000000008e200000, 0x000000008e200000| Untracked 
| 227|0x000000008e300000, 0x000000008e400000, 0x000000008e400000|100%| O|  |TAMS 0x000000008e400000, 0x000000008e300000| Untracked 
| 228|0x000000008e400000, 0x000000008e500000, 0x000000008e500000|100%| O|  |TAMS 0x000000008e500000, 0x000000008e400000| Untracked 
| 229|0x000000008e500000, 0x000000008e600000, 0x000000008e600000|100%| O|  |TAMS 0x000000008e600000, 0x000000008e500000| Untracked 
| 230|0x000000008e600000, 0x000000008e700000, 0x000000008e700000|100%| O|  |TAMS 0x000000008e700000, 0x000000008e600000| Untracked 
| 231|0x000000008e700000, 0x000000008e800000, 0x000000008e800000|100%| O|  |TAMS 0x000000008e800000, 0x000000008e700000| Untracked 
| 232|0x000000008e800000, 0x000000008e900000, 0x000000008e900000|100%| O|  |TAMS 0x000000008e900000, 0x000000008e800000| Untracked 
| 233|0x000000008e900000, 0x000000008ea00000, 0x000000008ea00000|100%| O|  |TAMS 0x000000008ea00000, 0x000000008e900000| Untracked 
| 234|0x000000008ea00000, 0x000000008ea00000, 0x000000008eb00000|  0%| F|  |TAMS 0x000000008ea00000, 0x000000008ea00000| Untracked 
| 235|0x000000008eb00000, 0x000000008ec00000, 0x000000008ec00000|100%| O|  |TAMS 0x000000008ec00000, 0x000000008eb00000| Untracked 
| 236|0x000000008ec00000, 0x000000008ec00000, 0x000000008ed00000|  0%| F|  |TAMS 0x000000008ec00000, 0x000000008ec00000| Untracked 
| 237|0x000000008ed00000, 0x000000008ed00000, 0x000000008ee00000|  0%| F|  |TAMS 0x000000008ed00000, 0x000000008ed00000| Untracked 
| 238|0x000000008ee00000, 0x000000008ee00000, 0x000000008ef00000|  0%| F|  |TAMS 0x000000008ee00000, 0x000000008ee00000| Untracked 
| 239|0x000000008ef00000, 0x000000008ef00000, 0x000000008f000000|  0%| F|  |TAMS 0x000000008ef00000, 0x000000008ef00000| Untracked 
| 240|0x000000008f000000, 0x000000008f000000, 0x000000008f100000|  0%| F|  |TAMS 0x000000008f000000, 0x000000008f000000| Untracked 
| 241|0x000000008f100000, 0x000000008f200000, 0x000000008f200000|100%| O|  |TAMS 0x000000008f200000, 0x000000008f100000| Untracked 
| 242|0x000000008f200000, 0x000000008f300000, 0x000000008f300000|100%| O|  |TAMS 0x000000008f300000, 0x000000008f200000| Untracked 
| 243|0x000000008f300000, 0x000000008f400000, 0x000000008f400000|100%| O|  |TAMS 0x000000008f400000, 0x000000008f300000| Untracked 
| 244|0x000000008f400000, 0x000000008f500000, 0x000000008f500000|100%| O|  |TAMS 0x000000008f500000, 0x000000008f400000| Untracked 
| 245|0x000000008f500000, 0x000000008f600000, 0x000000008f600000|100%| O|  |TAMS 0x000000008f600000, 0x000000008f500000| Untracked 
| 246|0x000000008f600000, 0x000000008f700000, 0x000000008f700000|100%| O|  |TAMS 0x000000008f700000, 0x000000008f600000| Untracked 
| 247|0x000000008f700000, 0x000000008f800000, 0x000000008f800000|100%| O|  |TAMS 0x000000008f800000, 0x000000008f700000| Untracked 
| 248|0x000000008f800000, 0x000000008f900000, 0x000000008f900000|100%| O|  |TAMS 0x000000008f900000, 0x000000008f800000| Untracked 
| 249|0x000000008f900000, 0x000000008f900000, 0x000000008fa00000|  0%| F|  |TAMS 0x000000008f900000, 0x000000008f900000| Untracked 
| 250|0x000000008fa00000, 0x000000008fa00000, 0x000000008fb00000|  0%| F|  |TAMS 0x000000008fa00000, 0x000000008fa00000| Untracked 
| 251|0x000000008fb00000, 0x000000008fb00000, 0x000000008fc00000|  0%| F|  |TAMS 0x000000008fb00000, 0x000000008fb00000| Untracked 
| 252|0x000000008fc00000, 0x000000008fd00000, 0x000000008fd00000|100%| O|  |TAMS 0x000000008fd00000, 0x000000008fc00000| Untracked 
| 253|0x000000008fd00000, 0x000000008fe00000, 0x000000008fe00000|100%| O|  |TAMS 0x000000008fe00000, 0x000000008fd00000| Untracked 
| 254|0x000000008fe00000, 0x000000008ff00000, 0x000000008ff00000|100%| O|  |TAMS 0x000000008ff00000, 0x000000008fe00000| Untracked 
| 255|0x000000008ff00000, 0x000000008ff00000, 0x0000000090000000|  0%| F|  |TAMS 0x000000008ff00000, 0x000000008ff00000| Untracked 
| 256|0x0000000090000000, 0x0000000090100000, 0x0000000090100000|100%| O|  |TAMS 0x0000000090100000, 0x0000000090000000| Untracked 
| 257|0x0000000090100000, 0x0000000090100000, 0x0000000090200000|  0%| F|  |TAMS 0x0000000090100000, 0x0000000090100000| Untracked 
| 258|0x0000000090200000, 0x0000000090200000, 0x0000000090300000|  0%| F|  |TAMS 0x0000000090200000, 0x0000000090200000| Untracked 
| 259|0x0000000090300000, 0x0000000090300000, 0x0000000090400000|  0%| F|  |TAMS 0x0000000090300000, 0x0000000090300000| Untracked 
| 260|0x0000000090400000, 0x0000000090500000, 0x0000000090500000|100%| O|  |TAMS 0x0000000090500000, 0x0000000090400000| Untracked 
| 261|0x0000000090500000, 0x0000000090500000, 0x0000000090600000|  0%| F|  |TAMS 0x0000000090500000, 0x0000000090500000| Untracked 
| 262|0x0000000090600000, 0x0000000090700000, 0x0000000090700000|100%| O|  |TAMS 0x0000000090660c00, 0x0000000090600000| Untracked 
| 263|0x0000000090700000, 0x0000000090800000, 0x0000000090800000|100%| O|  |TAMS 0x0000000090700000, 0x0000000090700000| Untracked 
| 264|0x0000000090800000, 0x0000000090900000, 0x0000000090900000|100%| O|  |TAMS 0x0000000090800000, 0x0000000090800000| Untracked 
| 265|0x0000000090900000, 0x0000000090a00000, 0x0000000090a00000|100%| O|  |TAMS 0x0000000090900000, 0x0000000090900000| Untracked 
| 266|0x0000000090a00000, 0x0000000090b00000, 0x0000000090b00000|100%| O|  |TAMS 0x0000000090a00000, 0x0000000090a00000| Untracked 
| 267|0x0000000090b00000, 0x0000000090c00000, 0x0000000090c00000|100%|HS|  |TAMS 0x0000000090b00000, 0x0000000090b00000| Complete 
| 268|0x0000000090c00000, 0x0000000090d00000, 0x0000000090d00000|100%|HS|  |TAMS 0x0000000090c00000, 0x0000000090c00000| Complete 
| 269|0x0000000090d00000, 0x0000000090d00000, 0x0000000090e00000|  0%| F|  |TAMS 0x0000000090d00000, 0x0000000090d00000| Untracked 
| 270|0x0000000090e00000, 0x0000000090e00000, 0x0000000090f00000|  0%| F|  |TAMS 0x0000000090e00000, 0x0000000090e00000| Untracked 
| 271|0x0000000090f00000, 0x0000000090f00000, 0x0000000091000000|  0%| F|  |TAMS 0x0000000090f00000, 0x0000000090f00000| Untracked 
| 272|0x0000000091000000, 0x0000000091000000, 0x0000000091100000|  0%| F|  |TAMS 0x0000000091000000, 0x0000000091000000| Untracked 
| 273|0x0000000091100000, 0x0000000091200000, 0x0000000091200000|100%| O|  |TAMS 0x0000000091200000, 0x0000000091100000| Untracked 
| 274|0x0000000091200000, 0x0000000091200000, 0x0000000091300000|  0%| F|  |TAMS 0x0000000091200000, 0x0000000091200000| Untracked 
| 275|0x0000000091300000, 0x0000000091300000, 0x0000000091400000|  0%| F|  |TAMS 0x0000000091300000, 0x0000000091300000| Untracked 
| 276|0x0000000091400000, 0x0000000091400000, 0x0000000091500000|  0%| F|  |TAMS 0x0000000091400000, 0x0000000091400000| Untracked 
| 277|0x0000000091500000, 0x0000000091500000, 0x0000000091600000|  0%| F|  |TAMS 0x0000000091500000, 0x0000000091500000| Untracked 
| 278|0x0000000091600000, 0x0000000091600000, 0x0000000091700000|  0%| F|  |TAMS 0x0000000091600000, 0x0000000091600000| Untracked 
| 279|0x0000000091700000, 0x0000000091700000, 0x0000000091800000|  0%| F|  |TAMS 0x0000000091700000, 0x0000000091700000| Untracked 
| 280|0x0000000091800000, 0x0000000091800000, 0x0000000091900000|  0%| F|  |TAMS 0x0000000091800000, 0x0000000091800000| Untracked 
| 281|0x0000000091900000, 0x0000000091900000, 0x0000000091a00000|  0%| F|  |TAMS 0x0000000091900000, 0x0000000091900000| Untracked 
| 282|0x0000000091a00000, 0x0000000091a00000, 0x0000000091b00000|  0%| F|  |TAMS 0x0000000091a00000, 0x0000000091a00000| Untracked 
| 283|0x0000000091b00000, 0x0000000091b00000, 0x0000000091c00000|  0%| F|  |TAMS 0x0000000091b00000, 0x0000000091b00000| Untracked 
| 284|0x0000000091c00000, 0x0000000091c00000, 0x0000000091d00000|  0%| F|  |TAMS 0x0000000091c00000, 0x0000000091c00000| Untracked 
| 285|0x0000000091d00000, 0x0000000091d00000, 0x0000000091e00000|  0%| F|  |TAMS 0x0000000091d00000, 0x0000000091d00000| Untracked 
| 286|0x0000000091e00000, 0x0000000091e00000, 0x0000000091f00000|  0%| F|  |TAMS 0x0000000091e00000, 0x0000000091e00000| Untracked 
| 287|0x0000000091f00000, 0x0000000091f00000, 0x0000000092000000|  0%| F|  |TAMS 0x0000000091f00000, 0x0000000091f00000| Untracked 
| 288|0x0000000092000000, 0x0000000092100000, 0x0000000092100000|100%| S|CS|TAMS 0x0000000092000000, 0x0000000092000000| Complete 
| 289|0x0000000092100000, 0x0000000092200000, 0x0000000092200000|100%| S|CS|TAMS 0x0000000092100000, 0x0000000092100000| Complete 
| 290|0x0000000092200000, 0x0000000092300000, 0x0000000092300000|100%| S|CS|TAMS 0x0000000092200000, 0x0000000092200000| Complete 
| 291|0x0000000092300000, 0x0000000092400000, 0x0000000092400000|100%| S|CS|TAMS 0x0000000092300000, 0x0000000092300000| Complete 
| 292|0x0000000092400000, 0x0000000092400000, 0x0000000092500000|  0%| F|  |TAMS 0x0000000092400000, 0x0000000092400000| Untracked 
| 293|0x0000000092500000, 0x0000000092500000, 0x0000000092600000|  0%| F|  |TAMS 0x0000000092500000, 0x0000000092500000| Untracked 
| 294|0x0000000092600000, 0x0000000092600000, 0x0000000092700000|  0%| F|  |TAMS 0x0000000092600000, 0x0000000092600000| Untracked 
| 295|0x0000000092700000, 0x0000000092700000, 0x0000000092800000|  0%| F|  |TAMS 0x0000000092700000, 0x0000000092700000| Untracked 
| 296|0x0000000092800000, 0x0000000092800000, 0x0000000092900000|  0%| F|  |TAMS 0x0000000092800000, 0x0000000092800000| Untracked 
| 297|0x0000000092900000, 0x0000000092900000, 0x0000000092a00000|  0%| F|  |TAMS 0x0000000092900000, 0x0000000092900000| Untracked 
| 298|0x0000000092a00000, 0x0000000092a00000, 0x0000000092b00000|  0%| F|  |TAMS 0x0000000092a00000, 0x0000000092a00000| Untracked 
| 299|0x0000000092b00000, 0x0000000092b00000, 0x0000000092c00000|  0%| F|  |TAMS 0x0000000092b00000, 0x0000000092b00000| Untracked 
| 300|0x0000000092c00000, 0x0000000092c00000, 0x0000000092d00000|  0%| F|  |TAMS 0x0000000092c00000, 0x0000000092c00000| Untracked 
| 301|0x0000000092d00000, 0x0000000092d00000, 0x0000000092e00000|  0%| F|  |TAMS 0x0000000092d00000, 0x0000000092d00000| Untracked 
| 302|0x0000000092e00000, 0x0000000092e00000, 0x0000000092f00000|  0%| F|  |TAMS 0x0000000092e00000, 0x0000000092e00000| Untracked 
| 303|0x0000000092f00000, 0x0000000092f00000, 0x0000000093000000|  0%| F|  |TAMS 0x0000000092f00000, 0x0000000092f00000| Untracked 
| 304|0x0000000093000000, 0x0000000093000000, 0x0000000093100000|  0%| F|  |TAMS 0x0000000093000000, 0x0000000093000000| Untracked 
| 305|0x0000000093100000, 0x0000000093100000, 0x0000000093200000|  0%| F|  |TAMS 0x0000000093100000, 0x0000000093100000| Untracked 
| 306|0x0000000093200000, 0x0000000093200000, 0x0000000093300000|  0%| F|  |TAMS 0x0000000093200000, 0x0000000093200000| Untracked 
| 307|0x0000000093300000, 0x0000000093300000, 0x0000000093400000|  0%| F|  |TAMS 0x0000000093300000, 0x0000000093300000| Untracked 
| 308|0x0000000093400000, 0x0000000093400000, 0x0000000093500000|  0%| F|  |TAMS 0x0000000093400000, 0x0000000093400000| Untracked 
| 309|0x0000000093500000, 0x0000000093500000, 0x0000000093600000|  0%| F|  |TAMS 0x0000000093500000, 0x0000000093500000| Untracked 
| 310|0x0000000093600000, 0x0000000093600000, 0x0000000093700000|  0%| F|  |TAMS 0x0000000093600000, 0x0000000093600000| Untracked 
| 311|0x0000000093700000, 0x0000000093700000, 0x0000000093800000|  0%| F|  |TAMS 0x0000000093700000, 0x0000000093700000| Untracked 
| 312|0x0000000093800000, 0x0000000093800000, 0x0000000093900000|  0%| F|  |TAMS 0x0000000093800000, 0x0000000093800000| Untracked 
| 313|0x0000000093900000, 0x0000000093900000, 0x0000000093a00000|  0%| F|  |TAMS 0x0000000093900000, 0x0000000093900000| Untracked 
| 314|0x0000000093a00000, 0x0000000093a00000, 0x0000000093b00000|  0%| F|  |TAMS 0x0000000093a00000, 0x0000000093a00000| Untracked 
| 315|0x0000000093b00000, 0x0000000093b00000, 0x0000000093c00000|  0%| F|  |TAMS 0x0000000093b00000, 0x0000000093b00000| Untracked 
| 316|0x0000000093c00000, 0x0000000093c00000, 0x0000000093d00000|  0%| F|  |TAMS 0x0000000093c00000, 0x0000000093c00000| Untracked 

Card table byte_map: [0x000001bd7f590000,0x000001bd7f990000] _byte_map_base: 0x000001bd7f190000

Marking Bits (Prev, Next): (CMBitMap*) 0x000001bd7b6e1670, (CMBitMap*) 0x000001bd7b6e1638
 Prev Bits: [0x000001bd11000000, 0x000001bd13000000)
 Next Bits: [0x000001bd0f000000, 0x000001bd11000000)

Polling page: 0x000001bd795b0000

Metaspace:

Usage:
  Non-class:    130.65 MB capacity,   128.33 MB ( 98%) used,     1.85 MB (  1%) free+waste,   474.94 KB ( <1%) overhead. 
      Class:     19.29 MB capacity,    17.87 MB ( 93%) used,     1.22 MB (  6%) free+waste,   205.75 KB (  1%) overhead. 
       Both:    149.94 MB capacity,   146.20 MB ( 98%) used,     3.07 MB (  2%) free+waste,   680.69 KB ( <1%) overhead. 

Virtual space:
  Non-class space:      134.00 MB reserved,     134.00 MB (100%) committed 
      Class space:        1.00 GB reserved,      20.00 MB (  2%) committed 
             Both:        1.13 GB reserved,     154.00 MB ( 13%) committed 

Chunk freelists:
   Non-Class:  3.17 MB
       Class:  689.00 KB
        Both:  3.84 MB

MaxMetaspaceSize: 17179869184.00 GB
CompressedClassSpaceSize: 1.00 GB

CodeHeap 'non-profiled nmethods': size=120064Kb used=17291Kb max_used=17291Kb free=102772Kb
 bounds [0x000001bd07ac0000, 0x000001bd08bb0000, 0x000001bd0f000000]
CodeHeap 'profiled nmethods': size=120000Kb used=52903Kb max_used=52903Kb free=67096Kb
 bounds [0x000001bd00590000, 0x000001bd03980000, 0x000001bd07ac0000]
CodeHeap 'non-nmethods': size=5696Kb used=2394Kb max_used=2460Kb free=3301Kb
 bounds [0x000001bd00000000, 0x000001bd00270000, 0x000001bd00590000]
 total_blobs=25701 nmethods=24654 adapters=956
 compilation: enabled
              stopped_count=0, restarted_count=0
 full_count=0

Compilation events (20 events):
Event: 11265.177 Thread 0x000001bd152e8800 29885       3       com.android.tools.r8.graph.G$j$$Lambda$1903/0x00000001011d1c40::apply (8 bytes)
Event: 11265.178 Thread 0x000001bd152e8800 nmethod 29885 0x000001bd0396ea10 code [0x000001bd0396ebc0, 0x000001bd0396edb8]
Event: 11265.213 Thread 0x000001bd152e8800 29891       2       java.util.ArrayList$SubList::toArray (79 bytes)
Event: 11265.214 Thread 0x000001bd152e8800 nmethod 29891 0x000001bd0396ee90 code [0x000001bd0396f080, 0x000001bd0396f4a8]
Event: 11265.224 Thread 0x000001bd152e8800 29892       2       java.lang.Float::compare (46 bytes)
Event: 11265.225 Thread 0x000001bd152e8800 nmethod 29892 0x000001bd0396f610 code [0x000001bd0396f7c0, 0x000001bd0396f9f8]
Event: 11265.239 Thread 0x000001bd152e8800 29894       3       com.android.tools.r8.dex.m::b (204 bytes)
Event: 11265.251 Thread 0x000001bd152e8800 nmethod 29894 0x000001bd0396fa90 code [0x000001bd03970080, 0x000001bd03973928]
Event: 11265.366 Thread 0x000001bd152e2800 nmethod 29878 0x000001bd08b94810 code [0x000001bd08b94c00, 0x000001bd08b97af0]
Event: 11265.366 Thread 0x000001bd152e2800 29888       4       com.android.tools.r8.internal.Bs::a (32 bytes)
Event: 11265.378 Thread 0x000001bd152e2800 nmethod 29888 0x000001bd08b9a490 code [0x000001bd08b9a680, 0x000001bd08b9aac8]
Event: 11265.378 Thread 0x000001bd152e2800 29887       4       com.android.tools.r8.internal.Bs$$Lambda$1870/0x00000001011c7040::a (21 bytes)
Event: 11265.386 Thread 0x000001bd152e2800 nmethod 29887 0x000001bd08b9ad10 code [0x000001bd08b9aee0, 0x000001bd08b9b1f8]
Event: 11265.386 Thread 0x000001bd152e2800 29881       4       com.android.tools.r8.internal.Kz::g (323 bytes)
Event: 11265.570 Thread 0x000001bd152e2800 nmethod 29881 0x000001bd08b9b410 code [0x000001bd08b9b620, 0x000001bd08b9c508]
Event: 11265.570 Thread 0x000001bd152e2800 29882       4       com.android.tools.r8.internal.Tt::g (323 bytes)
Event: 11265.640 Thread 0x000001bd152e2800 nmethod 29882 0x000001bd08b9cc10 code [0x000001bd08b9ce20, 0x000001bd08b9ddb8]
Event: 11265.640 Thread 0x000001bd152e2800 29898       4       com.android.tools.r8.naming.w$b::a (88 bytes)
Event: 11265.797 Thread 0x000001bd1a109000 nmethod 29879 0x000001bd08b9e490 code [0x000001bd08b9e8e0, 0x000001bd08ba1b00]
Event: 11265.798 Thread 0x000001bd1a109000 29899       4       com.android.tools.r8.graph.d0::E (44 bytes)

GC Heap History (20 events):
Event: 11255.403 GC heap after
{Heap after GC invocations=172 (full 0):
 garbage-first heap   total 324608K, used 263680K [0x0000000080000000, 0x0000000100000000)
  region size 1024K, 3 young (3072K), 3 survivors (3072K)
 Metaspace       used 152906K, capacity 157455K, committed 157696K, reserved 1185792K
  class space    used 18790K, capacity 20444K, committed 20480K, reserved 1048576K
}
Event: 11255.918 GC heap before
{Heap before GC invocations=172 (full 0):
 garbage-first heap   total 324608K, used 276992K [0x0000000080000000, 0x0000000100000000)
  region size 1024K, 16 young (16384K), 3 survivors (3072K)
 Metaspace       used 152910K, capacity 157456K, committed 157696K, reserved 1185792K
  class space    used 18790K, capacity 20444K, committed 20480K, reserved 1048576K
}
Event: 11255.991 GC heap after
{Heap after GC invocations=173 (full 0):
 garbage-first heap   total 324608K, used 270829K [0x0000000080000000, 0x0000000100000000)
  region size 1024K, 2 young (2048K), 2 survivors (2048K)
 Metaspace       used 152910K, capacity 157456K, committed 157696K, reserved 1185792K
  class space    used 18790K, capacity 20444K, committed 20480K, reserved 1048576K
}
Event: 11257.126 GC heap before
{Heap before GC invocations=173 (full 0):
 garbage-first heap   total 324608K, used 283117K [0x0000000080000000, 0x0000000100000000)
  region size 1024K, 15 young (15360K), 2 survivors (2048K)
 Metaspace       used 152936K, capacity 157460K, committed 157696K, reserved 1185792K
  class space    used 18790K, capacity 20444K, committed 20480K, reserved 1048576K
}
Event: 11257.270 GC heap after
{Heap after GC invocations=174 (full 0):
 garbage-first heap   total 324608K, used 273795K [0x0000000080000000, 0x0000000100000000)
  region size 1024K, 2 young (2048K), 2 survivors (2048K)
 Metaspace       used 152936K, capacity 157460K, committed 157696K, reserved 1185792K
  class space    used 18790K, capacity 20444K, committed 20480K, reserved 1048576K
}
Event: 11258.008 GC heap before
{Heap before GC invocations=174 (full 0):
 garbage-first heap   total 324608K, used 287107K [0x0000000080000000, 0x0000000100000000)
  region size 1024K, 15 young (15360K), 2 survivors (2048K)
 Metaspace       used 152937K, capacity 157460K, committed 157696K, reserved 1185792K
  class space    used 18790K, capacity 20444K, committed 20480K, reserved 1048576K
}
Event: 11258.039 GC heap after
{Heap after GC invocations=175 (full 0):
 garbage-first heap   total 324608K, used 275606K [0x0000000080000000, 0x0000000100000000)
  region size 1024K, 2 young (2048K), 2 survivors (2048K)
 Metaspace       used 152937K, capacity 157460K, committed 157696K, reserved 1185792K
  class space    used 18790K, capacity 20444K, committed 20480K, reserved 1048576K
}
Event: 11259.288 GC heap before
{Heap before GC invocations=175 (full 0):
 garbage-first heap   total 324608K, used 287894K [0x0000000080000000, 0x0000000100000000)
  region size 1024K, 15 young (15360K), 2 survivors (2048K)
 Metaspace       used 152942K, capacity 157460K, committed 157696K, reserved 1185792K
  class space    used 18790K, capacity 20444K, committed 20480K, reserved 1048576K
}
Event: 11259.346 GC heap after
{Heap after GC invocations=176 (full 0):
 garbage-first heap   total 324608K, used 277719K [0x0000000080000000, 0x0000000100000000)
  region size 1024K, 2 young (2048K), 2 survivors (2048K)
 Metaspace       used 152942K, capacity 157460K, committed 157696K, reserved 1185792K
  class space    used 18790K, capacity 20444K, committed 20480K, reserved 1048576K
}
Event: 11263.274 GC heap before
{Heap before GC invocations=177 (full 0):
 garbage-first heap   total 324608K, used 257239K [0x0000000080000000, 0x0000000100000000)
  region size 1024K, 15 young (15360K), 2 survivors (2048K)
 Metaspace       used 149712K, capacity 153536K, committed 157696K, reserved 1185792K
  class space    used 18301K, capacity 19755K, committed 20480K, reserved 1048576K
}
Event: 11263.314 GC heap after
{Heap after GC invocations=178 (full 0):
 garbage-first heap   total 324608K, used 237984K [0x0000000080000000, 0x0000000100000000)
  region size 1024K, 2 young (2048K), 2 survivors (2048K)
 Metaspace       used 149712K, capacity 153536K, committed 157696K, reserved 1185792K
  class space    used 18301K, capacity 19755K, committed 20480K, reserved 1048576K
}
Event: 11263.762 GC heap before
{Heap before GC invocations=178 (full 0):
 garbage-first heap   total 324608K, used 251296K [0x0000000080000000, 0x0000000100000000)
  region size 1024K, 15 young (15360K), 2 survivors (2048K)
 Metaspace       used 149712K, capacity 153536K, committed 157696K, reserved 1185792K
  class space    used 18301K, capacity 19755K, committed 20480K, reserved 1048576K
}
Event: 11263.806 GC heap after
{Heap after GC invocations=179 (full 0):
 garbage-first heap   total 324608K, used 208198K [0x0000000080000000, 0x0000000100000000)
  region size 1024K, 2 young (2048K), 2 survivors (2048K)
 Metaspace       used 149712K, capacity 153536K, committed 157696K, reserved 1185792K
  class space    used 18301K, capacity 19755K, committed 20480K, reserved 1048576K
}
Event: 11264.570 GC heap before
{Heap before GC invocations=179 (full 0):
 garbage-first heap   total 324608K, used 221510K [0x0000000080000000, 0x0000000100000000)
  region size 1024K, 15 young (15360K), 2 survivors (2048K)
 Metaspace       used 149712K, capacity 153536K, committed 157696K, reserved 1185792K
  class space    used 18301K, capacity 19755K, committed 20480K, reserved 1048576K
}
Event: 11265.109 GC heap after
{Heap after GC invocations=180 (full 0):
 garbage-first heap   total 324608K, used 189312K [0x0000000080000000, 0x0000000100000000)
  region size 1024K, 2 young (2048K), 2 survivors (2048K)
 Metaspace       used 149712K, capacity 153536K, committed 157696K, reserved 1185792K
  class space    used 18301K, capacity 19755K, committed 20480K, reserved 1048576K
}
Event: 11265.459 GC heap before
{Heap before GC invocations=180 (full 0):
 garbage-first heap   total 324608K, used 203648K [0x0000000080000000, 0x0000000100000000)
  region size 1024K, 15 young (15360K), 2 survivors (2048K)
 Metaspace       used 149713K, capacity 153536K, committed 157696K, reserved 1185792K
  class space    used 18301K, capacity 19755K, committed 20480K, reserved 1048576K
}
Event: 11265.570 GC heap after
{Heap after GC invocations=181 (full 0):
 garbage-first heap   total 324608K, used 184256K [0x0000000080000000, 0x0000000100000000)
  region size 1024K, 2 young (2048K), 2 survivors (2048K)
 Metaspace       used 149713K, capacity 153536K, committed 157696K, reserved 1185792K
  class space    used 18301K, capacity 19755K, committed 20480K, reserved 1048576K
}
Event: 11265.666 GC heap before
{Heap before GC invocations=181 (full 0):
 garbage-first heap   total 324608K, used 197568K [0x0000000080000000, 0x0000000100000000)
  region size 1024K, 15 young (15360K), 2 survivors (2048K)
 Metaspace       used 149713K, capacity 153536K, committed 157696K, reserved 1185792K
  class space    used 18301K, capacity 19755K, committed 20480K, reserved 1048576K
}
Event: 11265.774 GC heap after
{Heap after GC invocations=182 (full 0):
 garbage-first heap   total 324608K, used 180736K [0x0000000080000000, 0x0000000100000000)
  region size 1024K, 2 young (2048K), 2 survivors (2048K)
 Metaspace       used 149713K, capacity 153536K, committed 157696K, reserved 1185792K
  class space    used 18301K, capacity 19755K, committed 20480K, reserved 1048576K
}
Event: 11266.211 GC heap before
{Heap before GC invocations=182 (full 0):
 garbage-first heap   total 324608K, used 211456K [0x0000000080000000, 0x0000000100000000)
  region size 1024K, 25 young (25600K), 2 survivors (2048K)
 Metaspace       used 149713K, capacity 153536K, committed 157696K, reserved 1185792K
  class space    used 18301K, capacity 19755K, committed 20480K, reserved 1048576K
}

Deoptimization events (20 events):
Event: 11265.198 Thread 0x000001bd1a106800 Uncommon trap: trap_request=0xffffffde fr.pc=0x000001bd0882f544 relative=0x00000000000001e4
Event: 11265.198 Thread 0x000001bd1a106800 Uncommon trap: reason=class_check action=maybe_recompile pc=0x000001bd0882f544 method=com.android.tools.r8.internal.Bs$$Lambda$1870/0x00000001011c7040.a(Ljava/lang/Object;Ljava/lang/Object;Lcom/android/tools/r8/internal/e8;)I @ 1 c2
Event: 11265.198 Thread 0x000001bd1a106800 DEOPT PACKING pc=0x000001bd0882f544 sp=0x00000012c55febb0
Event: 11265.198 Thread 0x000001bd1a106800 DEOPT UNPACKING pc=0x000001bd00026daa sp=0x00000012c55feae0 mode 2
Event: 11265.198 Thread 0x000001bd1a106800 Uncommon trap: trap_request=0xffffffde fr.pc=0x000001bd0884f9c0 relative=0x0000000000000080
Event: 11265.198 Thread 0x000001bd1a106800 Uncommon trap: reason=class_check action=maybe_recompile pc=0x000001bd0884f9c0 method=com.android.tools.r8.internal.Bs$$Lambda$1870/0x00000001011c7040.a(Ljava/lang/Object;Ljava/lang/Object;Lcom/android/tools/r8/internal/e8;)I @ 1 c2
Event: 11265.199 Thread 0x000001bd1a106800 DEOPT PACKING pc=0x000001bd0884f9c0 sp=0x00000012c55feb30
Event: 11265.199 Thread 0x000001bd1a106800 DEOPT UNPACKING pc=0x000001bd00026daa sp=0x00000012c55fead0 mode 2
Event: 11265.258 Thread 0x000001bd1a106800 DEOPT PACKING pc=0x000001bd0140b300 sp=0x00000012c55fed30
Event: 11265.258 Thread 0x000001bd1a106800 DEOPT UNPACKING pc=0x000001bd00026bc0 sp=0x00000012c55fe298 mode 0
Event: 11265.263 Thread 0x000001bd1a106800 DEOPT PACKING pc=0x000001bd0140b300 sp=0x00000012c55fed30
Event: 11265.263 Thread 0x000001bd1a106800 DEOPT UNPACKING pc=0x000001bd00026bc0 sp=0x00000012c55fe298 mode 0
Event: 11265.270 Thread 0x000001bd1a106800 DEOPT PACKING pc=0x000001bd0140b3f4 sp=0x00000012c55fed30
Event: 11265.270 Thread 0x000001bd1a106800 DEOPT UNPACKING pc=0x000001bd00026bc0 sp=0x00000012c55fe298 mode 0
Event: 11265.302 Thread 0x000001bd1a106800 DEOPT PACKING pc=0x000001bd0140b3f4 sp=0x00000012c55fed30
Event: 11265.302 Thread 0x000001bd1a106800 DEOPT UNPACKING pc=0x000001bd00026bc0 sp=0x00000012c55fe298 mode 0
Event: 11265.358 Thread 0x000001bd1a106800 DEOPT PACKING pc=0x000001bd034bd0a1 sp=0x00000012c55fed30
Event: 11265.358 Thread 0x000001bd1a106800 DEOPT UNPACKING pc=0x000001bd00026bc0 sp=0x00000012c55fe298 mode 0
Event: 11265.986 Thread 0x000001bd1a106800 DEOPT PACKING pc=0x000001bd02f64371 sp=0x00000012c55fe990
Event: 11265.986 Thread 0x000001bd1a106800 DEOPT UNPACKING pc=0x000001bd00026bc0 sp=0x00000012c55fe4a8 mode 0

Classes redefined (0 events):
No events

Internal exceptions (20 events):
Event: 11224.701 Thread 0x000001bd2368c000 Exception <a 'sun/nio/fs/WindowsException'{0x0000000090d01040}> (0x0000000090d01040) thrown at [./src/hotspot/share/prims/jni.cpp, line 615]
Event: 11248.858 Thread 0x000001bd1cb64000 Exception <a 'sun/nio/fs/WindowsException'{0x0000000092c239e8}> (0x0000000092c239e8) thrown at [./src/hotspot/share/prims/jni.cpp, line 615]
Event: 11249.082 Thread 0x000001bd1cb64000 Exception <a 'java/lang/NoClassDefFoundError'{0x0000000092aeb0c0}: org/jetbrains/kotlin/gradle/plugin/KotlinBasePluginWrapper> (0x0000000092aeb0c0) thrown at [./src/hotspot/share/oops/constantPool.cpp, line 775]
Event: 11249.334 Thread 0x000001bd1cb64000 Exception <a 'sun/nio/fs/WindowsException'{0x00000000929bb798}> (0x00000000929bb798) thrown at [./src/hotspot/share/prims/jni.cpp, line 615]
Event: 11249.391 Thread 0x000001bd1cb64000 Exception <a 'sun/nio/fs/WindowsException'{0x000000009285c640}> (0x000000009285c640) thrown at [./src/hotspot/share/prims/jni.cpp, line 615]
Event: 11249.393 Thread 0x000001bd1cb64000 Exception <a 'sun/nio/fs/WindowsException'{0x000000009285d740}> (0x000000009285d740) thrown at [./src/hotspot/share/prims/jni.cpp, line 615]
Event: 11249.393 Thread 0x000001bd1cb64000 Exception <a 'sun/nio/fs/WindowsException'{0x000000009285e890}> (0x000000009285e890) thrown at [./src/hotspot/share/prims/jni.cpp, line 615]
Event: 11249.394 Thread 0x000001bd1cb64000 Exception <a 'sun/nio/fs/WindowsException'{0x000000009285f9e0}> (0x000000009285f9e0) thrown at [./src/hotspot/share/prims/jni.cpp, line 615]
Event: 11249.418 Thread 0x000001bd1cb64000 Implicit null exception at 0x000001bd02ce65fc to 0x000001bd02ce9403
Event: 11249.418 Thread 0x000001bd1cb64000 Exception <a 'java/lang/NullPointerException'{0x00000000928f7d60}> (0x00000000928f7d60) thrown at [./src/hotspot/share/runtime/sharedRuntime.cpp, line 585]
Event: 11249.984 Thread 0x000001bd1cb64000 Exception <a 'sun/nio/fs/WindowsException'{0x000000009244fe78}> (0x000000009244fe78) thrown at [./src/hotspot/share/prims/jni.cpp, line 615]
Event: 11251.229 Thread 0x000001bd1cb64000 Exception <a 'sun/nio/fs/WindowsException'{0x00000000919acf50}> (0x00000000919acf50) thrown at [./src/hotspot/share/prims/jni.cpp, line 615]
Event: 11251.230 Thread 0x000001bd1cb64000 Exception <a 'sun/nio/fs/WindowsException'{0x00000000919ae618}> (0x00000000919ae618) thrown at [./src/hotspot/share/prims/jni.cpp, line 615]
Event: 11251.246 Thread 0x000001bd1cb64000 Exception <a 'sun/nio/fs/WindowsException'{0x00000000919af6d8}> (0x00000000919af6d8) thrown at [./src/hotspot/share/prims/jni.cpp, line 615]
Event: 11251.247 Thread 0x000001bd1cb64000 Exception <a 'sun/nio/fs/WindowsException'{0x00000000919b0d98}> (0x00000000919b0d98) thrown at [./src/hotspot/share/prims/jni.cpp, line 615]
Event: 11251.248 Thread 0x000001bd1cb64000 Exception <a 'sun/nio/fs/WindowsException'{0x00000000919b1090}> (0x00000000919b1090) thrown at [./src/hotspot/share/prims/jni.cpp, line 615]
Event: 11251.248 Thread 0x000001bd1cb64000 Exception <a 'sun/nio/fs/WindowsException'{0x00000000919b2720}> (0x00000000919b2720) thrown at [./src/hotspot/share/prims/jni.cpp, line 615]
Event: 11252.894 Thread 0x000001bd1a0ff000 Exception <a 'sun/nio/fs/WindowsException'{0x00000000939f4360}> (0x00000000939f4360) thrown at [./src/hotspot/share/prims/jni.cpp, line 615]
Event: 11265.122 Thread 0x000001bd1cb69800 Exception <a 'sun/nio/fs/WindowsException'{0x0000000093c27bf8}> (0x0000000093c27bf8) thrown at [./src/hotspot/share/prims/jni.cpp, line 615]
Event: 11265.124 Thread 0x000001bd1cb69800 Exception <a 'sun/nio/fs/WindowsException'{0x0000000093c27ec8}> (0x0000000093c27ec8) thrown at [./src/hotspot/share/prims/jni.cpp, line 615]

Events (20 events):
Event: 11259.773 Executing VM operation: CGC_Operation
Event: 11262.335 Executing VM operation: CGC_Operation done
Event: 11262.358 Executing VM operation: RevokeBias
Event: 11262.366 Executing VM operation: RevokeBias done
Event: 11262.472 Executing VM operation: RevokeBias
Event: 11262.503 Executing VM operation: RevokeBias done
Event: 11263.109 Executing VM operation: CGC_Operation
Event: 11263.112 Executing VM operation: CGC_Operation done
Event: 11263.274 Executing VM operation: G1CollectForAllocation
Event: 11263.314 Executing VM operation: G1CollectForAllocation done
Event: 11263.762 Executing VM operation: G1CollectForAllocation
Event: 11263.806 Executing VM operation: G1CollectForAllocation done
Event: 11264.570 Executing VM operation: G1CollectForAllocation
Event: 11265.110 Executing VM operation: G1CollectForAllocation done
Event: 11265.177 Thread 0x000001bd1a109000 Thread added: 0x000001bd1a109000
Event: 11265.457 Executing VM operation: G1CollectForAllocation
Event: 11265.570 Executing VM operation: G1CollectForAllocation done
Event: 11265.666 Executing VM operation: G1CollectForAllocation
Event: 11265.774 Executing VM operation: G1CollectForAllocation done
Event: 11266.207 Executing VM operation: G1CollectForAllocation


Dynamic libraries:
0x00007ff61b310000 - 0x00007ff61b31a000 	C:\Program Files\Android\Android Studio\jre\bin\java.exe
0x00007ff9d9f20000 - 0x00007ff9da127000 	C:\WINDOWS\SYSTEM32\ntdll.dll
0x00007ff9d8da0000 - 0x00007ff9d8e5d000 	C:\WINDOWS\System32\KERNEL32.DLL
0x00007ff9d78d0000 - 0x00007ff9d7c44000 	C:\WINDOWS\System32\KERNELBASE.dll
0x00007ff9d75a0000 - 0x00007ff9d76b1000 	C:\WINDOWS\System32\ucrtbase.dll
0x00007ff98d010000 - 0x00007ff98d029000 	C:\Program Files\Android\Android Studio\jre\bin\jli.dll
0x00007ff98c240000 - 0x00007ff98c257000 	C:\Program Files\Android\Android Studio\jre\bin\VCRUNTIME140.dll
0x00007ff9d81a0000 - 0x00007ff9d834c000 	C:\WINDOWS\System32\USER32.dll
0x00007ff9d76c0000 - 0x00007ff9d76e6000 	C:\WINDOWS\System32\win32u.dll
0x00007ff9c8570000 - 0x00007ff9c8815000 	C:\WINDOWS\WinSxS\amd64_microsoft.windows.common-controls_6595b64144ccf1df_6.0.22000.120_none_9d947278b86cc467\COMCTL32.dll
0x00007ff9d9930000 - 0x00007ff9d9959000 	C:\WINDOWS\System32\GDI32.dll
0x00007ff9d8350000 - 0x00007ff9d83f3000 	C:\WINDOWS\System32\msvcrt.dll
0x00007ff9d76f0000 - 0x00007ff9d7802000 	C:\WINDOWS\System32\gdi32full.dll
0x00007ff9d7500000 - 0x00007ff9d759d000 	C:\WINDOWS\System32\msvcp_win.dll
0x00007ff9d8a20000 - 0x00007ff9d8a51000 	C:\WINDOWS\System32\IMM32.DLL
0x00007ff98c1a0000 - 0x00007ff98c23d000 	C:\Program Files\Android\Android Studio\jre\bin\msvcp140.dll
0x00007ff9910c0000 - 0x00007ff991b8f000 	C:\Program Files\Android\Android Studio\jre\bin\server\jvm.dll
0x00007ff9d8010000 - 0x00007ff9d80be000 	C:\WINDOWS\System32\ADVAPI32.dll
0x00007ff9d8400000 - 0x00007ff9d849e000 	C:\WINDOWS\System32\sechost.dll
0x00007ff9d7e40000 - 0x00007ff9d7f60000 	C:\WINDOWS\System32\RPCRT4.dll
0x00007ff9d99d0000 - 0x00007ff9d99d8000 	C:\WINDOWS\System32\PSAPI.DLL
0x00007ff9c45d0000 - 0x00007ff9c45d9000 	C:\WINDOWS\SYSTEM32\WSOCK32.dll
0x00007ff9d9960000 - 0x00007ff9d99cf000 	C:\WINDOWS\System32\WS2_32.dll
0x00007ff9d6dc0000 - 0x00007ff9d6dca000 	C:\WINDOWS\SYSTEM32\VERSION.dll
0x00007ff9cdc60000 - 0x00007ff9cdc93000 	C:\WINDOWS\SYSTEM32\WINMM.dll
0x00007ff9d6590000 - 0x00007ff9d65a8000 	C:\WINDOWS\SYSTEM32\kernel.appcore.dll
0x00007ff9d2e40000 - 0x00007ff9d2e51000 	C:\Program Files\Android\Android Studio\jre\bin\verify.dll
0x00007ff9d4760000 - 0x00007ff9d4981000 	C:\WINDOWS\SYSTEM32\DBGHELP.DLL
0x00007ff9c8eb0000 - 0x00007ff9c8ee1000 	C:\WINDOWS\SYSTEM32\dbgcore.DLL
0x00007ff9d7480000 - 0x00007ff9d74ff000 	C:\WINDOWS\System32\bcryptPrimitives.dll
0x00007ff9c7560000 - 0x00007ff9c7589000 	C:\Program Files\Android\Android Studio\jre\bin\java.dll
0x00007ff9d2e30000 - 0x00007ff9d2e3b000 	C:\Program Files\Android\Android Studio\jre\bin\jimage.dll
0x00007ff9c78e0000 - 0x00007ff9c78f8000 	C:\Program Files\Android\Android Studio\jre\bin\zip.dll
0x00007ff9d8e70000 - 0x00007ff9d961e000 	C:\WINDOWS\System32\SHELL32.dll
0x00007ff9d5520000 - 0x00007ff9d5d87000 	C:\WINDOWS\SYSTEM32\windows.storage.dll
0x00007ff9d9b00000 - 0x00007ff9d9e78000 	C:\WINDOWS\System32\combase.dll
0x00007ff9d53b0000 - 0x00007ff9d5516000 	C:\WINDOWS\SYSTEM32\wintypes.dll
0x00007ff9d9840000 - 0x00007ff9d992a000 	C:\WINDOWS\System32\SHCORE.dll
0x00007ff9d7dc0000 - 0x00007ff9d7e1d000 	C:\WINDOWS\System32\shlwapi.dll
0x00007ff9d7340000 - 0x00007ff9d7361000 	C:\WINDOWS\SYSTEM32\profapi.dll
0x00007ff9c73b0000 - 0x00007ff9c73ca000 	C:\Program Files\Android\Android Studio\jre\bin\net.dll
0x00007ff9ce770000 - 0x00007ff9ce87c000 	C:\WINDOWS\SYSTEM32\WINHTTP.dll
0x00007ff9d69c0000 - 0x00007ff9d6a27000 	C:\WINDOWS\system32\mswsock.dll
0x00007ff9c7390000 - 0x00007ff9c73a4000 	C:\Program Files\Android\Android Studio\jre\bin\nio.dll
0x00007ff9af540000 - 0x00007ff9af567000 	C:\Users\Styvy Mhvv\.gradle\native\8bec1ad78214c89d9ad589b4d07fe93259594b29d510b10fafb7a158f7737e5d\windows-amd64\native-platform.dll
0x00007ff98d400000 - 0x00007ff98d53d000 	C:\Users\Styvy Mhvv\.gradle\native\53dbd7edfb1c66fb8903c78663c9afc45aea4f116125fa6feffd364cf09443e8\windows-amd64\native-platform-file-events.dll
0x00007ff9d0cb0000 - 0x00007ff9d0cba000 	C:\Program Files\Android\Android Studio\jre\bin\management.dll
0x00007ff9ccc00000 - 0x00007ff9ccc0c000 	C:\Program Files\Android\Android Studio\jre\bin\management_ext.dll
0x00007ff9d6c00000 - 0x00007ff9d6c18000 	C:\WINDOWS\SYSTEM32\CRYPTSP.dll
0x00007ff9d64f0000 - 0x00007ff9d6525000 	C:\WINDOWS\system32\rsaenh.dll
0x00007ff9d6ab0000 - 0x00007ff9d6ad9000 	C:\WINDOWS\SYSTEM32\USERENV.dll
0x00007ff9d6d80000 - 0x00007ff9d6da7000 	C:\WINDOWS\SYSTEM32\bcrypt.dll
0x00007ff9d6c20000 - 0x00007ff9d6c2c000 	C:\WINDOWS\SYSTEM32\CRYPTBASE.dll
0x00007ff9d61e0000 - 0x00007ff9d620d000 	C:\WINDOWS\SYSTEM32\IPHLPAPI.DLL
0x00007ff9d8a60000 - 0x00007ff9d8a69000 	C:\WINDOWS\System32\NSI.dll
0x00007ff9ce2b0000 - 0x00007ff9ce2c9000 	C:\WINDOWS\SYSTEM32\dhcpcsvc6.DLL
0x00007ff9cf430000 - 0x00007ff9cf44e000 	C:\WINDOWS\SYSTEM32\dhcpcsvc.DLL
0x00007ff9d6210000 - 0x00007ff9d62f7000 	C:\WINDOWS\SYSTEM32\DNSAPI.dll
0x00007ff9c3160000 - 0x00007ff9c3187000 	C:\Program Files\Android\Android Studio\jre\bin\sunec.dll
0x00007ff9c6a30000 - 0x00007ff9c6a3a000 	C:\Windows\System32\rasadhlp.dll
0x00007ff9cc690000 - 0x00007ff9cc711000 	C:\WINDOWS\System32\fwpuclnt.dll
0x00007ff9d4d60000 - 0x00007ff9d4d94000 	C:\WINDOWS\SYSTEM32\ntmarta.dll

dbghelp: loaded successfully - version: 4.0.5 - missing functions: none
symbol engine: initialized successfully - sym options: 0x614 - pdb path: .;C:\Program Files\Android\Android Studio\jre\bin;C:\WINDOWS\SYSTEM32;C:\WINDOWS\WinSxS\amd64_microsoft.windows.common-controls_6595b64144ccf1df_6.0.22000.120_none_9d947278b86cc467;C:\Program Files\Android\Android Studio\jre\bin\server;C:\Users\Styvy Mhvv\.gradle\native\8bec1ad78214c89d9ad589b4d07fe93259594b29d510b10fafb7a158f7737e5d\windows-amd64;C:\Users\Styvy Mhvv\.gradle\native\53dbd7edfb1c66fb8903c78663c9afc45aea4f116125fa6feffd364cf09443e8\windows-amd64

VM Arguments:
jvm_args: --add-opens=java.base/java.util=ALL-UNNAMED --add-opens=java.base/java.lang=ALL-UNNAMED --add-opens=java.base/java.lang.invoke=ALL-UNNAMED --add-opens=java.base/java.util=ALL-UNNAMED --add-opens=java.prefs/java.util.prefs=ALL-UNNAMED --add-opens=java.prefs/java.util.prefs=ALL-UNNAMED --add-opens=java.base/java.nio.charset=ALL-UNNAMED --add-opens=java.base/java.net=ALL-UNNAMED --add-opens=java.base/java.util.concurrent.atomic=ALL-UNNAMED -Xmx2048m -Dfile.encoding=UTF-8 -Duser.country=FR -Duser.language=fr -Duser.variant 
java_command: org.gradle.launcher.daemon.bootstrap.GradleDaemon 7.0.2
java_class_path (initial): C:\Users\Styvy Mhvv\.gradle\wrapper\dists\gradle-7.0.2-bin\857tjihv64xamwrf0h14cai3r\gradle-7.0.2\lib\gradle-launcher-7.0.2.jar
Launcher Type: SUN_STANDARD

[Global flags]
     intx CICompilerCount                          = 3                                         {product} {ergonomic}
     uint ConcGCThreads                            = 1                                         {product} {ergonomic}
     uint G1ConcRefinementThreads                  = 4                                         {product} {ergonomic}
   size_t G1HeapRegionSize                         = 1048576                                   {product} {ergonomic}
    uintx GCDrainStackTargetSize                   = 64                                        {product} {ergonomic}
   size_t InitialHeapSize                          = 62914560                                  {product} {ergonomic}
   size_t MarkStackSize                            = 4194304                                   {product} {ergonomic}
   size_t MaxHeapSize                              = 2147483648                                {product} {command line}
   size_t MaxNewSize                               = 1287651328                                {product} {ergonomic}
   size_t MinHeapDeltaBytes                        = 1048576                                   {product} {ergonomic}
    uintx NonNMethodCodeHeapSize                   = 5830732                                {pd product} {ergonomic}
    uintx NonProfiledCodeHeapSize                  = 122913754                              {pd product} {ergonomic}
    uintx ProfiledCodeHeapSize                     = 122913754                              {pd product} {ergonomic}
    uintx ReservedCodeCacheSize                    = 251658240                              {pd product} {ergonomic}
     bool SegmentedCodeCache                       = true                                      {product} {ergonomic}
     bool UseCompressedClassPointers               = true                                 {lp64_product} {ergonomic}
     bool UseCompressedOops                        = true                                 {lp64_product} {ergonomic}
     bool UseG1GC                                  = true                                      {product} {ergonomic}
     bool UseLargePagesIndividualAllocation        = false                                  {pd product} {ergonomic}

Logging:
Log output configuration:
 #0: stdout all=warning uptime,level,tags
 #1: stderr all=off uptime,level,tags

Environment Variables:
PATH=C:\WINDOWS\system32;C:\WINDOWS;C:\WINDOWS\System32\Wbem;C:\WINDOWS\System32\WindowsPowerShell\v1.0\;C:\WINDOWS\System32\OpenSSH\;C:\Program Files\Git\cmd;C:\Users\Styvy Mhvv\AppData\Local\Microsoft\WindowsApps;C:\Users\Styvy Mhvv\AppData\Local\Programs\Microsoft VS Code\bin;C:\Users\Styvy Mhvv\AppData\Local\android-sdks\platform;C:\Users\Styvy Mhvv\AppData\Local\android-sdks\platform-tools;C:\Users\Styvy Mhvv\AppData\Local\android-sdks\ndk;C:\Users\Styvy Mhvv\AppData\Local\android-sdks\system-images;C:\Users\Styvy Mhvv\AppData\Local\android-sdks\tools\bin;C:\Program Files\Git\bin;C:\Users\Styvy Mhvv\AppData\Local\android-sdks\sources;C:\Users\Styvy Mhvv\AppData\Local\android-sdks\cmdline-tools\bin;C:\Users\Styvy Mhvv\AppData\Local\android-sdks\emulator\bin64;C:\Users\Styvy Mhvv\AppData\Local\android-sdks\build-tools;
USERNAME=Styvy Mhvv
OS=Windows_NT
PROCESSOR_IDENTIFIER=Intel64 Family 6 Model 55 Stepping 8, GenuineIntel



---------------  S Y S T E M  ---------------

OS: Windows 10 , 64 bit Build 22000 (10.0.22000.434)
OS uptime: 0 days 11:41 hours

CPU:total 4 (initial active 4) (4 cores per cpu, 1 threads per core) family 6 model 55 stepping 8 microcode 0x838, cmov, cx8, fxsr, mmx, sse, sse2, sse3, ssse3, sse4.1, sse4.2, popcnt, clmul, erms, 3dnowpref, tsc, tscinvbit

Memory: 4k page, system-wide physical 3838M (471M free)
TotalPageFile size 6889M (AvailPageFile size 280M)
current process WorkingSet (physical memory assigned to process): 521M, peak: 674M
current process commit charge ("private bytes"): 749M, peak: 1114M

vm_info: OpenJDK 64-Bit Server VM (11.0.10+0-b96-7249189) for windows-amd64 JRE (11.0.10+0-b96-7249189), built on Mar 31 2021 21:44:00 by "builder" with MS VC++ 14.0 (VS2015)

END.
